Analysis & Synthesis report for ULA
Thu Mar 30 15:33:16 2023
Quartus II 64-Bit Version 13.0.1 Build 232 06/12/2013 Service Pack 1 SJ Web Edition


---------------------
; Table of Contents ;
---------------------
  1. Legal Notice
  2. Analysis & Synthesis Summary
  3. Analysis & Synthesis Settings
  4. Parallel Compilation
  5. Analysis & Synthesis Source Files Read
  6. Analysis & Synthesis Resource Usage Summary
  7. Analysis & Synthesis Resource Utilization by Entity
  8. General Register Statistics
  9. Multiplexer Restructuring Statistics (Restructuring Performed)
 10. Port Connectivity Checks: "multiplex2:multiplex02"
 11. Port Connectivity Checks: "AtimesB:AtimesB0|SomadorBinario:SomadorBinario2"
 12. Port Connectivity Checks: "AtimesB:AtimesB0|SomadorBinario:SomadorBinario0"
 13. Port Connectivity Checks: "AsubB:AsubB0|SomadorCompleto:SomadorCompleto0"
 14. Elapsed Time Per Partition
 15. Analysis & Synthesis Messages



----------------
; Legal Notice ;
----------------
Copyright (C) 1991-2013 Altera Corporation
Your use of Altera Corporation's design tools, logic functions 
and other software and tools, and its AMPP partner logic 
functions, and any output files from any of the foregoing 
(including device programming or simulation files), and any 
associated documentation or information are expressly subject 
to the terms and conditions of the Altera Program License 
Subscription Agreement, Altera MegaCore Function License 
Agreement, or other applicable license agreement, including, 
without limitation, that your use is for the sole purpose of 
programming logic devices manufactured by Altera and sold by 
Altera or its authorized distributors.  Please refer to the 
applicable agreement for further details.



+--------------------------------------------------------------------------------------+
; Analysis & Synthesis Summary                                                         ;
+------------------------------------+-------------------------------------------------+
; Analysis & Synthesis Status        ; Successful - Thu Mar 30 15:33:16 2023           ;
; Quartus II 64-Bit Version          ; 13.0.1 Build 232 06/12/2013 SP 1 SJ Web Edition ;
; Revision Name                      ; ULA                                             ;
; Top-level Entity Name              ; ULA                                             ;
; Family                             ; Cyclone II                                      ;
; Total logic elements               ; 88                                              ;
;     Total combinational functions  ; 88                                              ;
;     Dedicated logic registers      ; 0                                               ;
; Total registers                    ; 0                                               ;
; Total pins                         ; 29                                              ;
; Total virtual pins                 ; 0                                               ;
; Total memory bits                  ; 0                                               ;
; Embedded Multiplier 9-bit elements ; 0                                               ;
; Total PLLs                         ; 0                                               ;
+------------------------------------+-------------------------------------------------+


+----------------------------------------------------------------------------------------------------------------------+
; Analysis & Synthesis Settings                                                                                        ;
+----------------------------------------------------------------------------+--------------------+--------------------+
; Option                                                                     ; Setting            ; Default Value      ;
+----------------------------------------------------------------------------+--------------------+--------------------+
; Device                                                                     ; EP2C35F672C6       ;                    ;
; Top-level entity name                                                      ; ULA                ; ULA                ;
; Family name                                                                ; Cyclone II         ; Cyclone IV GX      ;
; Use smart compilation                                                      ; Off                ; Off                ;
; Enable parallel Assembler and TimeQuest Timing Analyzer during compilation ; On                 ; On                 ;
; Enable compact report table                                                ; Off                ; Off                ;
; Restructure Multiplexers                                                   ; Auto               ; Auto               ;
; Create Debugging Nodes for IP Cores                                        ; Off                ; Off                ;
; Preserve fewer node names                                                  ; On                 ; On                 ;
; Disable OpenCore Plus hardware evaluation                                  ; Off                ; Off                ;
; Verilog Version                                                            ; Verilog_2001       ; Verilog_2001       ;
; VHDL Version                                                               ; VHDL_1993          ; VHDL_1993          ;
; State Machine Processing                                                   ; Auto               ; Auto               ;
; Safe State Machine                                                         ; Off                ; Off                ;
; Extract Verilog State Machines                                             ; On                 ; On                 ;
; Extract VHDL State Machines                                                ; On                 ; On                 ;
; Ignore Verilog initial constructs                                          ; Off                ; Off                ;
; Iteration limit for constant Verilog loops                                 ; 5000               ; 5000               ;
; Iteration limit for non-constant Verilog loops                             ; 250                ; 250                ;
; Add Pass-Through Logic to Inferred RAMs                                    ; On                 ; On                 ;
; Infer RAMs from Raw Logic                                                  ; On                 ; On                 ;
; Parallel Synthesis                                                         ; On                 ; On                 ;
; DSP Block Balancing                                                        ; Auto               ; Auto               ;
; NOT Gate Push-Back                                                         ; On                 ; On                 ;
; Power-Up Don't Care                                                        ; On                 ; On                 ;
; Remove Redundant Logic Cells                                               ; Off                ; Off                ;
; Remove Duplicate Registers                                                 ; On                 ; On                 ;
; Ignore CARRY Buffers                                                       ; Off                ; Off                ;
; Ignore CASCADE Buffers                                                     ; Off                ; Off                ;
; Ignore GLOBAL Buffers                                                      ; Off                ; Off                ;
; Ignore ROW GLOBAL Buffers                                                  ; Off                ; Off                ;
; Ignore LCELL Buffers                                                       ; Off                ; Off                ;
; Ignore SOFT Buffers                                                        ; On                 ; On                 ;
; Limit AHDL Integers to 32 Bits                                             ; Off                ; Off                ;
; Optimization Technique                                                     ; Balanced           ; Balanced           ;
; Carry Chain Length                                                         ; 70                 ; 70                 ;
; Auto Carry Chains                                                          ; On                 ; On                 ;
; Auto Open-Drain Pins                                                       ; On                 ; On                 ;
; Perform WYSIWYG Primitive Resynthesis                                      ; Off                ; Off                ;
; Auto ROM Replacement                                                       ; On                 ; On                 ;
; Auto RAM Replacement                                                       ; On                 ; On                 ;
; Auto Shift Register Replacement                                            ; Auto               ; Auto               ;
; Allow Shift Register Merging across Hierarchies                            ; Auto               ; Auto               ;
; Auto Clock Enable Replacement                                              ; On                 ; On                 ;
; Strict RAM Replacement                                                     ; Off                ; Off                ;
; Allow Synchronous Control Signals                                          ; On                 ; On                 ;
; Force Use of Synchronous Clear Signals                                     ; Off                ; Off                ;
; Auto RAM to Logic Cell Conversion                                          ; Off                ; Off                ;
; Auto Resource Sharing                                                      ; Off                ; Off                ;
; Allow Any RAM Size For Recognition                                         ; Off                ; Off                ;
; Allow Any ROM Size For Recognition                                         ; Off                ; Off                ;
; Allow Any Shift Register Size For Recognition                              ; Off                ; Off                ;
; Use LogicLock Constraints during Resource Balancing                        ; On                 ; On                 ;
; Ignore translate_off and synthesis_off directives                          ; Off                ; Off                ;
; Timing-Driven Synthesis                                                    ; Off                ; Off                ;
; Report Parameter Settings                                                  ; On                 ; On                 ;
; Report Source Assignments                                                  ; On                 ; On                 ;
; Report Connectivity Checks                                                 ; On                 ; On                 ;
; Ignore Maximum Fan-Out Assignments                                         ; Off                ; Off                ;
; Synchronization Register Chain Length                                      ; 2                  ; 2                  ;
; PowerPlay Power Optimization                                               ; Normal compilation ; Normal compilation ;
; HDL message level                                                          ; Level2             ; Level2             ;
; Suppress Register Optimization Related Messages                            ; Off                ; Off                ;
; Number of Removed Registers Reported in Synthesis Report                   ; 5000               ; 5000               ;
; Number of Swept Nodes Reported in Synthesis Report                         ; 5000               ; 5000               ;
; Number of Inverted Registers Reported in Synthesis Report                  ; 100                ; 100                ;
; Clock MUX Protection                                                       ; On                 ; On                 ;
; Auto Gated Clock Conversion                                                ; Off                ; Off                ;
; Block Design Naming                                                        ; Auto               ; Auto               ;
; SDC constraint protection                                                  ; Off                ; Off                ;
; Synthesis Effort                                                           ; Auto               ; Auto               ;
; Shift Register Replacement - Allow Asynchronous Clear Signal               ; On                 ; On                 ;
; Pre-Mapping Resynthesis Optimization                                       ; Off                ; Off                ;
; Analysis & Synthesis Message Level                                         ; Medium             ; Medium             ;
; Disable Register Merging Across Hierarchies                                ; Auto               ; Auto               ;
; Resource Aware Inference For Block RAM                                     ; On                 ; On                 ;
; Synthesis Seed                                                             ; 1                  ; 1                  ;
+----------------------------------------------------------------------------+--------------------+--------------------+


Parallel compilation was disabled, but you have multiple processors available. Enable parallel compilation to reduce compilation time.
+-------------------------------------+
; Parallel Compilation                ;
+----------------------------+--------+
; Processors                 ; Number ;
+----------------------------+--------+
; Number detected on machine ; 4      ;
; Maximum allowed            ; 1      ;
+----------------------------+--------+


+------------------------------------------------------------------------------------------------------------------------------------------------------+
; Analysis & Synthesis Source Files Read                                                                                                               ;
+----------------------------------+-----------------+-----------------------+---------------------------------------------------------------+---------+
; File Name with User-Entered Path ; Used in Netlist ; File Type             ; File Name with Absolute Path                                  ; Library ;
+----------------------------------+-----------------+-----------------------+---------------------------------------------------------------+---------+
; ULA.vhd                          ; yes             ; User VHDL File        ; C:/Users/alunos/Desktop/Trabalho 1 TD/ULA/ULA.vhd             ;         ;
; aandb.vhd                        ; yes             ; Auto-Found VHDL File  ; C:/Users/alunos/Desktop/Trabalho 1 TD/ULA/aandb.vhd           ;         ;
; aorb.vhd                         ; yes             ; Auto-Found VHDL File  ; C:/Users/alunos/Desktop/Trabalho 1 TD/ULA/aorb.vhd            ;         ;
; asubb.vhd                        ; yes             ; Auto-Found VHDL File  ; C:/Users/alunos/Desktop/Trabalho 1 TD/ULA/asubb.vhd           ;         ;
; somadorcompleto.vhd              ; yes             ; Auto-Found VHDL File  ; C:/Users/alunos/Desktop/Trabalho 1 TD/ULA/somadorcompleto.vhd ;         ;
; meiosomador.vhd                  ; yes             ; Auto-Found VHDL File  ; C:/Users/alunos/Desktop/Trabalho 1 TD/ULA/meiosomador.vhd     ;         ;
; axorb.vhd                        ; yes             ; Auto-Found VHDL File  ; C:/Users/alunos/Desktop/Trabalho 1 TD/ULA/axorb.vhd           ;         ;
; lefta.vhd                        ; yes             ; Auto-Found VHDL File  ; C:/Users/alunos/Desktop/Trabalho 1 TD/ULA/lefta.vhd           ;         ;
; leftb.vhd                        ; yes             ; Auto-Found VHDL File  ; C:/Users/alunos/Desktop/Trabalho 1 TD/ULA/leftb.vhd           ;         ;
; nota.vhd                         ; yes             ; Auto-Found VHDL File  ; C:/Users/alunos/Desktop/Trabalho 1 TD/ULA/nota.vhd            ;         ;
; notb.vhd                         ; yes             ; Auto-Found VHDL File  ; C:/Users/alunos/Desktop/Trabalho 1 TD/ULA/notb.vhd            ;         ;
; somadorbinario.vhd               ; yes             ; Auto-Found VHDL File  ; C:/Users/alunos/Desktop/Trabalho 1 TD/ULA/somadorbinario.vhd  ;         ;
; atimesb.vhd                      ; yes             ; Auto-Found VHDL File  ; C:/Users/alunos/Desktop/Trabalho 1 TD/ULA/atimesb.vhd         ;         ;
; multiplex.vhd                    ; yes             ; Auto-Found VHDL File  ; C:/Users/alunos/Desktop/Trabalho 1 TD/ULA/multiplex.vhd       ;         ;
; multiplex2.vhd                   ; yes             ; Auto-Found VHDL File  ; C:/Users/alunos/Desktop/Trabalho 1 TD/ULA/multiplex2.vhd      ;         ;
+----------------------------------+-----------------+-----------------------+---------------------------------------------------------------+---------+


+-----------------------------------------------------------+
; Analysis & Synthesis Resource Usage Summary               ;
+---------------------------------------------+-------------+
; Resource                                    ; Usage       ;
+---------------------------------------------+-------------+
; Estimated Total logic elements              ; 88          ;
;                                             ;             ;
; Total combinational functions               ; 88          ;
; Logic element usage by number of LUT inputs ;             ;
;     -- 4 input functions                    ; 58          ;
;     -- 3 input functions                    ; 16          ;
;     -- <=2 input functions                  ; 14          ;
;                                             ;             ;
; Logic elements by mode                      ;             ;
;     -- normal mode                          ; 88          ;
;     -- arithmetic mode                      ; 0           ;
;                                             ;             ;
; Total registers                             ; 0           ;
;     -- Dedicated logic registers            ; 0           ;
;     -- I/O registers                        ; 0           ;
;                                             ;             ;
; I/O pins                                    ; 29          ;
; Embedded Multiplier 9-bit elements          ; 0           ;
; Maximum fan-out node                        ; Controle[1] ;
; Maximum fan-out                             ; 20          ;
; Total fan-out                               ; 319         ;
; Average fan-out                             ; 2.73        ;
+---------------------------------------------+-------------+


+-----------------------------------------------------------------------------------------------------------------------------------------------------------------------------------------------------------------------------------------------------------------------------------------+
; Analysis & Synthesis Resource Utilization by Entity                                                                                                                                                                                                                                     ;
+---------------------------------------------+-------------------+--------------+-------------+--------------+---------+-----------+------+--------------+----------------------------------------------------------------------------------------------------------------+--------------+
; Compilation Hierarchy Node                  ; LC Combinationals ; LC Registers ; Memory Bits ; DSP Elements ; DSP 9x9 ; DSP 18x18 ; Pins ; Virtual Pins ; Full Hierarchy Name                                                                                            ; Library Name ;
+---------------------------------------------+-------------------+--------------+-------------+--------------+---------+-----------+------+--------------+----------------------------------------------------------------------------------------------------------------+--------------+
; |ULA                                        ; 88 (8)            ; 0 (0)        ; 0           ; 0            ; 0       ; 0         ; 29   ; 0            ; |ULA                                                                                                           ; work         ;
;    |AandB:AandB0|                           ; 1 (1)             ; 0 (0)        ; 0           ; 0            ; 0       ; 0         ; 0    ; 0            ; |ULA|AandB:AandB0                                                                                              ; work         ;
;    |AorB:AorB0|                             ; 2 (2)             ; 0 (0)        ; 0           ; 0            ; 0       ; 0         ; 0    ; 0            ; |ULA|AorB:AorB0                                                                                                ; work         ;
;    |AsubB:AsubB0|                           ; 6 (0)             ; 0 (0)        ; 0           ; 0            ; 0       ; 0         ; 0    ; 0            ; |ULA|AsubB:AsubB0                                                                                              ; work         ;
;       |SomadorCompleto:SomadorCompleto1|    ; 1 (1)             ; 0 (0)        ; 0           ; 0            ; 0       ; 0         ; 0    ; 0            ; |ULA|AsubB:AsubB0|SomadorCompleto:SomadorCompleto1                                                             ; work         ;
;       |SomadorCompleto:SomadorCompleto2|    ; 3 (1)             ; 0 (0)        ; 0           ; 0            ; 0       ; 0         ; 0    ; 0            ; |ULA|AsubB:AsubB0|SomadorCompleto:SomadorCompleto2                                                             ; work         ;
;          |MeioSomador:MeioSomador1|         ; 1 (1)             ; 0 (0)        ; 0           ; 0            ; 0       ; 0         ; 0    ; 0            ; |ULA|AsubB:AsubB0|SomadorCompleto:SomadorCompleto2|MeioSomador:MeioSomador1                                    ; work         ;
;          |MeioSomador:MeioSomador2|         ; 1 (1)             ; 0 (0)        ; 0           ; 0            ; 0       ; 0         ; 0    ; 0            ; |ULA|AsubB:AsubB0|SomadorCompleto:SomadorCompleto2|MeioSomador:MeioSomador2                                    ; work         ;
;       |SomadorCompleto:SomadorCompleto3|    ; 2 (0)             ; 0 (0)        ; 0           ; 0            ; 0       ; 0         ; 0    ; 0            ; |ULA|AsubB:AsubB0|SomadorCompleto:SomadorCompleto3                                                             ; work         ;
;          |MeioSomador:MeioSomador1|         ; 1 (1)             ; 0 (0)        ; 0           ; 0            ; 0       ; 0         ; 0    ; 0            ; |ULA|AsubB:AsubB0|SomadorCompleto:SomadorCompleto3|MeioSomador:MeioSomador1                                    ; work         ;
;          |MeioSomador:MeioSomador2|         ; 1 (1)             ; 0 (0)        ; 0           ; 0            ; 0       ; 0         ; 0    ; 0            ; |ULA|AsubB:AsubB0|SomadorCompleto:SomadorCompleto3|MeioSomador:MeioSomador2                                    ; work         ;
;    |AtimesB:AtimesB0|                       ; 21 (12)           ; 0 (0)        ; 0           ; 0            ; 0       ; 0         ; 0    ; 0            ; |ULA|AtimesB:AtimesB0                                                                                          ; work         ;
;       |SomadorBinario:SomadorBinario0|      ; 4 (0)             ; 0 (0)        ; 0           ; 0            ; 0       ; 0         ; 0    ; 0            ; |ULA|AtimesB:AtimesB0|SomadorBinario:SomadorBinario0                                                           ; work         ;
;          |MeioSomador:MeioSomador1|         ; 1 (1)             ; 0 (0)        ; 0           ; 0            ; 0       ; 0         ; 0    ; 0            ; |ULA|AtimesB:AtimesB0|SomadorBinario:SomadorBinario0|MeioSomador:MeioSomador1                                  ; work         ;
;          |SomadorCompleto:SomadorCompleto1| ; 3 (2)             ; 0 (0)        ; 0           ; 0            ; 0       ; 0         ; 0    ; 0            ; |ULA|AtimesB:AtimesB0|SomadorBinario:SomadorBinario0|SomadorCompleto:SomadorCompleto1                          ; work         ;
;             |MeioSomador:MeioSomador2|      ; 1 (1)             ; 0 (0)        ; 0           ; 0            ; 0       ; 0         ; 0    ; 0            ; |ULA|AtimesB:AtimesB0|SomadorBinario:SomadorBinario0|SomadorCompleto:SomadorCompleto1|MeioSomador:MeioSomador2 ; work         ;
;       |SomadorBinario:SomadorBinario1|      ; 1 (0)             ; 0 (0)        ; 0           ; 0            ; 0       ; 0         ; 0    ; 0            ; |ULA|AtimesB:AtimesB0|SomadorBinario:SomadorBinario1                                                           ; work         ;
;          |MeioSomador:MeioSomador1|         ; 1 (1)             ; 0 (0)        ; 0           ; 0            ; 0       ; 0         ; 0    ; 0            ; |ULA|AtimesB:AtimesB0|SomadorBinario:SomadorBinario1|MeioSomador:MeioSomador1                                  ; work         ;
;       |SomadorBinario:SomadorBinario2|      ; 4 (0)             ; 0 (0)        ; 0           ; 0            ; 0       ; 0         ; 0    ; 0            ; |ULA|AtimesB:AtimesB0|SomadorBinario:SomadorBinario2                                                           ; work         ;
;          |MeioSomador:MeioSomador1|         ; 4 (4)             ; 0 (0)        ; 0           ; 0            ; 0       ; 0         ; 0    ; 0            ; |ULA|AtimesB:AtimesB0|SomadorBinario:SomadorBinario2|MeioSomador:MeioSomador1                                  ; work         ;
;    |SomadorBinario:SomadorBinario0|         ; 5 (0)             ; 0 (0)        ; 0           ; 0            ; 0       ; 0         ; 0    ; 0            ; |ULA|SomadorBinario:SomadorBinario0                                                                            ; work         ;
;       |SomadorCompleto:SomadorCompleto1|    ; 2 (1)             ; 0 (0)        ; 0           ; 0            ; 0       ; 0         ; 0    ; 0            ; |ULA|SomadorBinario:SomadorBinario0|SomadorCompleto:SomadorCompleto1                                           ; work         ;
;          |MeioSomador:MeioSomador2|         ; 1 (1)             ; 0 (0)        ; 0           ; 0            ; 0       ; 0         ; 0    ; 0            ; |ULA|SomadorBinario:SomadorBinario0|SomadorCompleto:SomadorCompleto1|MeioSomador:MeioSomador2                  ; work         ;
;       |SomadorCompleto:SomadorCompleto2|    ; 2 (1)             ; 0 (0)        ; 0           ; 0            ; 0       ; 0         ; 0    ; 0            ; |ULA|SomadorBinario:SomadorBinario0|SomadorCompleto:SomadorCompleto2                                           ; work         ;
;          |MeioSomador:MeioSomador2|         ; 1 (1)             ; 0 (0)        ; 0           ; 0            ; 0       ; 0         ; 0    ; 0            ; |ULA|SomadorBinario:SomadorBinario0|SomadorCompleto:SomadorCompleto2|MeioSomador:MeioSomador2                  ; work         ;
;       |SomadorCompleto:SomadorCompleto3|    ; 1 (0)             ; 0 (0)        ; 0           ; 0            ; 0       ; 0         ; 0    ; 0            ; |ULA|SomadorBinario:SomadorBinario0|SomadorCompleto:SomadorCompleto3                                           ; work         ;
;          |MeioSomador:MeioSomador2|         ; 1 (1)             ; 0 (0)        ; 0           ; 0            ; 0       ; 0         ; 0    ; 0            ; |ULA|SomadorBinario:SomadorBinario0|SomadorCompleto:SomadorCompleto3|MeioSomador:MeioSomador2                  ; work         ;
;    |multiplex2:multiplex02|                 ; 14 (14)           ; 0 (0)        ; 0           ; 0            ; 0       ; 0         ; 0    ; 0            ; |ULA|multiplex2:multiplex02                                                                                    ; work         ;
;    |multiplex:multiplex0|                   ; 31 (31)           ; 0 (0)        ; 0           ; 0            ; 0       ; 0         ; 0    ; 0            ; |ULA|multiplex:multiplex0                                                                                      ; work         ;
+---------------------------------------------+-------------------+--------------+-------------+--------------+---------+-----------+------+--------------+----------------------------------------------------------------------------------------------------------------+--------------+
Note: For table entries with two numbers listed, the numbers in parentheses indicate the number of resources of the given type used by the specific entity alone. The numbers listed outside of parentheses indicate the total resources of the given type used by the specific entity and all of its sub-entities in the hierarchy.


+------------------------------------------------------+
; General Register Statistics                          ;
+----------------------------------------------+-------+
; Statistic                                    ; Value ;
+----------------------------------------------+-------+
; Total registers                              ; 0     ;
; Number of registers using Synchronous Clear  ; 0     ;
; Number of registers using Synchronous Load   ; 0     ;
; Number of registers using Asynchronous Clear ; 0     ;
; Number of registers using Asynchronous Load  ; 0     ;
; Number of registers using Clock Enable       ; 0     ;
; Number of registers using Preset             ; 0     ;
+----------------------------------------------+-------+


+----------------------------------------------------------------------------------------------------------------------------------------------+
; Multiplexer Restructuring Statistics (Restructuring Performed)                                                                               ;
+--------------------+-----------+---------------+----------------------+------------------------+------------+--------------------------------+
; Multiplexer Inputs ; Bus Width ; Baseline Area ; Area if Restructured ; Saving if Restructured ; Registered ; Example Multiplexer Output     ;
+--------------------+-----------+---------------+----------------------+------------------------+------------+--------------------------------+
; 16:1               ; 3 bits    ; 30 LEs        ; 18 LEs               ; 12 LEs                 ; No         ; |ULA|multiplex:multiplex0|Mux0 ;
+--------------------+-----------+---------------+----------------------+------------------------+------------+--------------------------------+


+----------------------------------------------------+
; Port Connectivity Checks: "multiplex2:multiplex02" ;
+-----------------+-------+----------+---------------+
; Port            ; Type  ; Severity ; Details       ;
+-----------------+-------+----------+---------------+
; multiplex2aandb ; Input ; Info     ; Stuck at GND  ;
; multiplex2aorb  ; Input ; Info     ; Stuck at GND  ;
; multiplex2axorb ; Input ; Info     ; Stuck at GND  ;
; multiplex2nota  ; Input ; Info     ; Stuck at GND  ;
; multiplex2notb  ; Input ; Info     ; Stuck at GND  ;
+-----------------+-------+----------+---------------+


+------------------------------------------------------------------------------------------------------------------------+
; Port Connectivity Checks: "AtimesB:AtimesB0|SomadorBinario:SomadorBinario2"                                            ;
+--------------+--------+----------+-------------------------------------------------------------------------------------+
; Port         ; Type   ; Severity ; Details                                                                             ;
+--------------+--------+----------+-------------------------------------------------------------------------------------+
; s[3..1]      ; Output ; Info     ; Connected to dangling logic. Logic that only feeds a dangling port will be removed. ;
; overflowsoma ; Output ; Info     ; Connected to dangling logic. Logic that only feeds a dangling port will be removed. ;
+--------------+--------+----------+-------------------------------------------------------------------------------------+


+-----------------------------------------------------------------------------+
; Port Connectivity Checks: "AtimesB:AtimesB0|SomadorBinario:SomadorBinario0" ;
+------+-------+----------+---------------------------------------------------+
; Port ; Type  ; Severity ; Details                                           ;
+------+-------+----------+---------------------------------------------------+
; a[3] ; Input ; Info     ; Stuck at GND                                      ;
+------+-------+----------+---------------------------------------------------+


+---------------------------------------------------------------------------+
; Port Connectivity Checks: "AsubB:AsubB0|SomadorCompleto:SomadorCompleto0" ;
+------+-------+----------+-------------------------------------------------+
; Port ; Type  ; Severity ; Details                                         ;
+------+-------+----------+-------------------------------------------------+
; cin  ; Input ; Info     ; Stuck at VCC                                    ;
+------+-------+----------+-------------------------------------------------+


+-------------------------------+
; Elapsed Time Per Partition    ;
+----------------+--------------+
; Partition Name ; Elapsed Time ;
+----------------+--------------+
; Top            ; 00:00:01     ;
+----------------+--------------+


+-------------------------------+
; Analysis & Synthesis Messages ;
+-------------------------------+
Info: *******************************************************************
Info: Running Quartus II 64-Bit Analysis & Synthesis
    Info: Version 13.0.1 Build 232 06/12/2013 Service Pack 1 SJ Web Edition
    Info: Processing started: Thu Mar 30 15:33:13 2023
Info: Command: quartus_map --read_settings_files=on --write_settings_files=off ULA -c ULA
Warning (20028): Parallel compilation is not licensed and has been disabled
Info (12021): Found 2 design units, including 1 entities, in source file ula.vhd
    Info (12022): Found design unit 1: ULA-arch_ULA
    Info (12023): Found entity 1: ULA
Info (12127): Elaborating entity "ULA" for the top level hierarchy
Warning (12125): Using design file aandb.vhd, which is not specified as a design file for the current project, but contains definitions for 2 design units and 1 entities in project
    Info (12022): Found design unit 1: aandB-arch_AandB
    Info (12023): Found entity 1: AandB
Info (12128): Elaborating entity "AandB" for hierarchy "AandB:AandB0"
Warning (12125): Using design file aorb.vhd, which is not specified as a design file for the current project, but contains definitions for 2 design units and 1 entities in project
    Info (12022): Found design unit 1: aorB-arch_AorB
    Info (12023): Found entity 1: AorB
Info (12128): Elaborating entity "AorB" for hierarchy "AorB:AorB0"
Warning (12125): Using design file asubb.vhd, which is not specified as a design file for the current project, but contains definitions for 2 design units and 1 entities in project
    Info (12022): Found design unit 1: AsubB-arch_AsubB
    Info (12023): Found entity 1: AsubB
Info (12128): Elaborating entity "AsubB" for hierarchy "AsubB:AsubB0"
Warning (12125): Using design file somadorcompleto.vhd, which is not specified as a design file for the current project, but contains definitions for 2 design units and 1 entities in project
    Info (12022): Found design unit 1: SomadorCompleto-arch_SomadorCompleto
    Info (12023): Found entity 1: SomadorCompleto
Info (12128): Elaborating entity "SomadorCompleto" for hierarchy "AsubB:AsubB0|SomadorCompleto:SomadorCompleto0"
Warning (12125): Using design file meiosomador.vhd, which is not specified as a design file for the current project, but contains definitions for 2 design units and 1 entities in project
    Info (12022): Found design unit 1: MeioSomador-arch_MeioSomador
    Info (12023): Found entity 1: MeioSomador
Info (12128): Elaborating entity "MeioSomador" for hierarchy "AsubB:AsubB0|SomadorCompleto:SomadorCompleto0|MeioSomador:MeioSomador1"
Warning (12125): Using design file axorb.vhd, which is not specified as a design file for the current project, but contains definitions for 2 design units and 1 entities in project
    Info (12022): Found design unit 1: axorB-arch_AxorB
    Info (12023): Found entity 1: AxorB
Info (12128): Elaborating entity "AxorB" for hierarchy "AxorB:AxorB0"
Warning (12125): Using design file lefta.vhd, which is not specified as a design file for the current project, but contains definitions for 2 design units and 1 entities in project
    Info (12022): Found design unit 1: leftA-arch_leftA
    Info (12023): Found entity 1: leftA
Info (12128): Elaborating entity "leftA" for hierarchy "leftA:leftA0"
Warning (12125): Using design file leftb.vhd, which is not specified as a design file for the current project, but contains definitions for 2 design units and 1 entities in project
    Info (12022): Found design unit 1: leftB-arch_leftB
    Info (12023): Found entity 1: leftB
Info (12128): Elaborating entity "leftB" for hierarchy "leftB:leftB0"
Warning (12125): Using design file nota.vhd, which is not specified as a design file for the current project, but contains definitions for 2 design units and 1 entities in project
    Info (12022): Found design unit 1: notA-arch_notA
    Info (12023): Found entity 1: notA
Info (12128): Elaborating entity "notA" for hierarchy "notA:notA0"
Warning (12125): Using design file notb.vhd, which is not specified as a design file for the current project, but contains definitions for 2 design units and 1 entities in project
    Info (12022): Found design unit 1: notB-arch_notB
    Info (12023): Found entity 1: notB
Info (12128): Elaborating entity "notB" for hierarchy "notB:notB0"
Warning (12125): Using design file somadorbinario.vhd, which is not specified as a design file for the current project, but contains definitions for 2 design units and 1 entities in project
    Info (12022): Found design unit 1: SomadorBinario-arch_SomadorBinario
    Info (12023): Found entity 1: SomadorBinario
Info (12128): Elaborating entity "SomadorBinario" for hierarchy "SomadorBinario:SomadorBinario0"
Warning (12125): Using design file atimesb.vhd, which is not specified as a design file for the current project, but contains definitions for 2 design units and 1 entities in project
    Info (12022): Found design unit 1: AtimesB-arch_AtimesB
    Info (12023): Found entity 1: AtimesB
Info (12128): Elaborating entity "AtimesB" for hierarchy "AtimesB:AtimesB0"
Warning (12125): Using design file multiplex.vhd, which is not specified as a design file for the current project, but contains definitions for 2 design units and 1 entities in project
    Info (12022): Found design unit 1: multiplex-arch_multiplex
    Info (12023): Found entity 1: multiplex
Info (12128): Elaborating entity "multiplex" for hierarchy "multiplex:multiplex0"
Warning (12125): Using design file multiplex2.vhd, which is not specified as a design file for the current project, but contains definitions for 2 design units and 1 entities in project
    Info (12022): Found design unit 1: multiplex2-arch_multiplex2
    Info (12023): Found entity 1: multiplex2
Info (12128): Elaborating entity "multiplex2" for hierarchy "multiplex2:multiplex02"
Warning (13024): Output pins are stuck at VCC or GND
    Warning (13410): Pin "Saida[8]" is stuck at VCC
    Warning (13410): Pin "Saida[9]" is stuck at VCC
    Warning (13410): Pin "Saida[10]" is stuck at VCC
    Warning (13410): Pin "Saida[11]" is stuck at VCC
    Warning (13410): Pin "Saida[12]" is stuck at VCC
    Warning (13410): Pin "Saida[13]" is stuck at VCC
Info (16010): Generating hard_block partition "hard_block:auto_generated_inst"
    Info (16011): Adding 0 node(s), including 0 DDIO, 0 PLL, 0 transceiver and 0 LCELL
Info (21057): Implemented 117 device resources after synthesis - the final resource count might be different
    Info (21058): Implemented 12 input pins
    Info (21059): Implemented 17 output pins
    Info (21061): Implemented 88 logic cells
Info: Quartus II 64-Bit Analysis & Synthesis was successful. 0 errors, 22 warnings
    Info: Peak virtual memory: 4639 megabytes
    Info: Processing ended: Thu Mar 30 15:33:16 2023
    Info: Elapsed time: 00:00:03
    Info: Total CPU time (on all processors): 00:00:03


