TimeQuest Timing Analyzer report for ULA
Thu Mar 30 15:33:25 2023
Quartus II 64-Bit Version 13.0.1 Build 232 06/12/2013 Service Pack 1 SJ Web Edition


---------------------
; Table of Contents ;
---------------------
  1. Legal Notice
  2. TimeQuest Timing Analyzer Summary
  3. Parallel Compilation
  4. Clocks
  5. Slow Model Fmax Summary
  6. Slow Model Setup Summary
  7. Slow Model Hold Summary
  8. Slow Model Recovery Summary
  9. Slow Model Removal Summary
 10. Slow Model Minimum Pulse Width Summary
 11. Propagation Delay
 12. Minimum Propagation Delay
 13. Fast Model Setup Summary
 14. Fast Model Hold Summary
 15. Fast Model Recovery Summary
 16. Fast Model Removal Summary
 17. Fast Model Minimum Pulse Width Summary
 18. Propagation Delay
 19. Minimum Propagation Delay
 20. Multicorner Timing Analysis Summary
 21. Progagation Delay
 22. Minimum Progagation Delay
 23. Clock Transfers
 24. Report TCCS
 25. Report RSKM
 26. Unconstrained Paths
 27. TimeQuest Timing Analyzer Messages



----------------
; Legal Notice ;
----------------
Copyright (C) 1991-2013 Altera Corporation
Your use of Altera Corporation's design tools, logic functions 
and other software and tools, and its AMPP partner logic 
functions, and any output files from any of the foregoing 
(including device programming or simulation files), and any 
associated documentation or information are expressly subject 
to the terms and conditions of the Altera Program License 
Subscription Agreement, Altera MegaCore Function License 
Agreement, or other applicable license agreement, including, 
without limitation, that your use is for the sole purpose of 
programming logic devices manufactured by Altera and sold by 
Altera or its authorized distributors.  Please refer to the 
applicable agreement for further details.



+----------------------------------------------------------------------------------------+
; TimeQuest Timing Analyzer Summary                                                      ;
+--------------------+-------------------------------------------------------------------+
; Quartus II Version ; Version 13.0.1 Build 232 06/12/2013 Service Pack 1 SJ Web Edition ;
; Revision Name      ; ULA                                                               ;
; Device Family      ; Cyclone II                                                        ;
; Device Name        ; EP2C35F672C6                                                      ;
; Timing Models      ; Final                                                             ;
; Delay Model        ; Combined                                                          ;
; Rise/Fall Delays   ; Unavailable                                                       ;
+--------------------+-------------------------------------------------------------------+


Parallel compilation was disabled, but you have multiple processors available. Enable parallel compilation to reduce compilation time.
+-------------------------------------+
; Parallel Compilation                ;
+----------------------------+--------+
; Processors                 ; Number ;
+----------------------------+--------+
; Number detected on machine ; 4      ;
; Maximum allowed            ; 1      ;
+----------------------------+--------+


----------
; Clocks ;
----------
No clocks to report.


---------------------------
; Slow Model Fmax Summary ;
---------------------------
No paths to report.


----------------------------
; Slow Model Setup Summary ;
----------------------------
No paths to report.


---------------------------
; Slow Model Hold Summary ;
---------------------------
No paths to report.


-------------------------------
; Slow Model Recovery Summary ;
-------------------------------
No paths to report.


------------------------------
; Slow Model Removal Summary ;
------------------------------
No paths to report.


------------------------------------------
; Slow Model Minimum Pulse Width Summary ;
------------------------------------------
No paths to report.


+---------------------------------------------------------------+
; Propagation Delay                                             ;
+-------------+-------------+--------+--------+--------+--------+
; Input Port  ; Output Port ; RR     ; RF     ; FR     ; FF     ;
+-------------+-------------+--------+--------+--------+--------+
; Controle[0] ; N           ; 13.176 ; 13.176 ; 13.176 ; 13.176 ;
; Controle[0] ; Saida[0]    ; 14.952 ; 14.952 ; 14.952 ; 14.952 ;
; Controle[0] ; Saida[1]    ; 14.996 ; 14.996 ; 14.996 ; 14.996 ;
; Controle[0] ; Saida[2]    ; 15.025 ; 15.025 ; 15.025 ; 15.025 ;
; Controle[0] ; Saida[3]    ; 15.012 ; 15.012 ; 15.012 ; 15.012 ;
; Controle[0] ; Saida[4]    ; 15.008 ; 15.008 ; 15.008 ; 15.008 ;
; Controle[0] ; Saida[5]    ; 14.729 ; 14.729 ; 14.729 ; 14.729 ;
; Controle[0] ; Saida[6]    ; 14.757 ; 14.757 ; 14.757 ; 14.757 ;
; Controle[0] ; Saida[7]    ; 13.311 ; 13.311 ; 13.311 ; 13.311 ;
; Controle[0] ; V           ; 11.484 ; 11.484 ; 11.484 ; 11.484 ;
; Controle[0] ; Z           ; 17.267 ; 17.267 ; 17.267 ; 17.267 ;
; Controle[1] ; N           ; 12.881 ; 12.881 ; 12.881 ; 12.881 ;
; Controle[1] ; Saida[0]    ; 15.534 ; 15.534 ; 15.534 ; 15.534 ;
; Controle[1] ; Saida[1]    ; 15.578 ; 15.578 ; 15.578 ; 15.578 ;
; Controle[1] ; Saida[2]    ; 15.607 ; 15.607 ; 15.607 ; 15.607 ;
; Controle[1] ; Saida[3]    ; 15.594 ; 15.594 ; 15.594 ; 15.594 ;
; Controle[1] ; Saida[4]    ; 15.590 ; 15.590 ; 15.590 ; 15.590 ;
; Controle[1] ; Saida[5]    ; 15.311 ; 15.311 ; 15.311 ; 15.311 ;
; Controle[1] ; Saida[6]    ; 15.339 ; 15.339 ; 15.339 ; 15.339 ;
; Controle[1] ; Saida[7]    ; 13.016 ; 13.016 ; 13.016 ; 13.016 ;
; Controle[1] ; V           ; 11.572 ; 11.364 ; 11.364 ; 11.572 ;
; Controle[1] ; Z           ; 17.849 ; 17.849 ; 17.849 ; 17.849 ;
; Controle[2] ; N           ; 12.555 ; 12.555 ; 12.555 ; 12.555 ;
; Controle[2] ; Saida[0]    ; 14.226 ; 14.226 ; 14.226 ; 14.226 ;
; Controle[2] ; Saida[1]    ; 14.270 ; 14.270 ; 14.270 ; 14.270 ;
; Controle[2] ; Saida[2]    ; 14.299 ; 14.299 ; 14.299 ; 14.299 ;
; Controle[2] ; Saida[3]    ; 14.286 ; 14.286 ; 14.286 ; 14.286 ;
; Controle[2] ; Saida[4]    ; 14.282 ; 14.282 ; 14.282 ; 14.282 ;
; Controle[2] ; Saida[5]    ; 14.003 ; 14.003 ; 14.003 ; 14.003 ;
; Controle[2] ; Saida[6]    ; 14.031 ; 14.031 ; 14.031 ; 14.031 ;
; Controle[2] ; Saida[7]    ; 12.690 ; 12.690 ; 12.690 ; 12.690 ;
; Controle[2] ; V           ; 10.328 ; 11.087 ; 11.087 ; 10.328 ;
; Controle[2] ; Z           ; 16.541 ; 16.541 ; 16.541 ; 16.541 ;
; Controle[3] ; N           ; 11.253 ; 11.253 ; 11.253 ; 11.253 ;
; Controle[3] ; Saida[0]    ; 12.203 ; 12.203 ; 12.203 ; 12.203 ;
; Controle[3] ; Saida[1]    ; 12.247 ; 12.247 ; 12.247 ; 12.247 ;
; Controle[3] ; Saida[2]    ; 12.232 ; 12.232 ; 12.232 ; 12.232 ;
; Controle[3] ; Saida[3]    ; 12.212 ; 12.212 ; 12.212 ; 12.212 ;
; Controle[3] ; Saida[4]    ; 12.251 ; 12.251 ; 12.251 ; 12.251 ;
; Controle[3] ; Saida[5]    ; 11.973 ; 11.973 ; 11.973 ; 11.973 ;
; Controle[3] ; Saida[6]    ; 12.000 ; 12.000 ; 12.000 ; 12.000 ;
; Controle[3] ; Saida[7]    ; 11.388 ; 11.388 ; 11.388 ; 11.388 ;
; Controle[3] ; V           ; 11.124 ; 9.351  ; 9.351  ; 11.124 ;
; Controle[3] ; Z           ; 14.472 ; 14.472 ; 14.472 ; 14.472 ;
; ULAA[0]     ; N           ; 18.148 ; 18.148 ; 18.148 ; 18.148 ;
; ULAA[0]     ; Saida[0]    ; 19.098 ; 19.098 ; 19.098 ; 19.098 ;
; ULAA[0]     ; Saida[1]    ; 19.142 ; 19.142 ; 19.142 ; 19.142 ;
; ULAA[0]     ; Saida[2]    ; 18.203 ; 18.203 ; 18.203 ; 18.203 ;
; ULAA[0]     ; Saida[3]    ; 18.183 ; 18.183 ; 18.183 ; 18.183 ;
; ULAA[0]     ; Saida[4]    ; 19.146 ; 19.146 ; 19.146 ; 19.146 ;
; ULAA[0]     ; Saida[5]    ; 18.868 ; 18.868 ; 18.868 ; 18.868 ;
; ULAA[0]     ; Saida[6]    ; 18.895 ; 18.895 ; 18.895 ; 18.895 ;
; ULAA[0]     ; Saida[7]    ; 18.283 ; 18.283 ; 18.283 ; 18.283 ;
; ULAA[0]     ; V           ; 16.037 ; 16.037 ; 16.037 ; 16.037 ;
; ULAA[0]     ; Z           ; 21.367 ; 21.367 ; 21.367 ; 21.367 ;
; ULAA[1]     ; N           ; 16.015 ; 16.015 ; 16.015 ; 16.015 ;
; ULAA[1]     ; Saida[0]    ; 17.970 ; 17.970 ; 17.970 ; 17.970 ;
; ULAA[1]     ; Saida[1]    ; 18.014 ; 18.014 ; 18.014 ; 18.014 ;
; ULAA[1]     ; Saida[2]    ; 18.043 ; 18.043 ; 18.043 ; 18.043 ;
; ULAA[1]     ; Saida[3]    ; 18.030 ; 18.030 ; 18.030 ; 18.030 ;
; ULAA[1]     ; Saida[4]    ; 18.026 ; 18.026 ; 18.026 ; 18.026 ;
; ULAA[1]     ; Saida[5]    ; 17.747 ; 17.747 ; 17.747 ; 17.747 ;
; ULAA[1]     ; Saida[6]    ; 17.775 ; 17.775 ; 17.775 ; 17.775 ;
; ULAA[1]     ; Saida[7]    ; 16.150 ; 16.150 ; 16.150 ; 16.150 ;
; ULAA[1]     ; V           ; 15.344 ; 15.344 ; 15.344 ; 15.344 ;
; ULAA[1]     ; Z           ; 20.285 ; 20.285 ; 20.285 ; 20.285 ;
; ULAA[2]     ; N           ; 14.890 ; 14.890 ; 14.890 ; 14.890 ;
; ULAA[2]     ; Saida[0]    ; 16.965 ; 16.965 ; 16.965 ; 16.965 ;
; ULAA[2]     ; Saida[1]    ; 17.010 ; 17.010 ; 17.010 ; 17.010 ;
; ULAA[2]     ; Saida[2]    ; 17.048 ; 17.048 ; 17.048 ; 17.048 ;
; ULAA[2]     ; Saida[3]    ; 17.028 ; 17.028 ; 17.028 ; 17.028 ;
; ULAA[2]     ; Saida[4]    ; 17.025 ; 17.025 ; 17.025 ; 17.025 ;
; ULAA[2]     ; Saida[5]    ; 16.742 ; 16.742 ; 16.742 ; 16.742 ;
; ULAA[2]     ; Saida[6]    ; 16.775 ; 16.775 ; 16.775 ; 16.775 ;
; ULAA[2]     ; Saida[7]    ; 15.025 ; 15.025 ; 15.025 ; 15.025 ;
; ULAA[2]     ; V           ; 14.563 ; 14.563 ; 14.563 ; 14.563 ;
; ULAA[2]     ; Z           ; 19.236 ; 19.236 ; 19.236 ; 19.236 ;
; ULAA[3]     ; N           ; 16.119 ; 16.119 ; 16.119 ; 16.119 ;
; ULAA[3]     ; Saida[0]    ; 17.069 ; 17.069 ; 17.069 ; 17.069 ;
; ULAA[3]     ; Saida[1]    ; 17.113 ; 17.113 ; 17.113 ; 17.113 ;
; ULAA[3]     ; Saida[4]    ; 17.117 ; 17.117 ; 17.117 ; 17.117 ;
; ULAA[3]     ; Saida[5]    ; 16.839 ; 16.839 ; 16.839 ; 16.839 ;
; ULAA[3]     ; Saida[6]    ; 16.866 ; 16.866 ; 16.866 ; 16.866 ;
; ULAA[3]     ; Saida[7]    ; 16.254 ; 16.254 ; 16.254 ; 16.254 ;
; ULAA[3]     ; V           ; 14.430 ; 14.467 ; 14.467 ; 14.430 ;
; ULAA[3]     ; Z           ; 19.338 ; 19.338 ; 19.338 ; 19.338 ;
; ULAB[0]     ; N           ; 13.733 ; 13.733 ; 13.733 ; 13.733 ;
; ULAB[0]     ; Saida[0]    ; 15.687 ; 15.687 ; 15.687 ; 15.687 ;
; ULAB[0]     ; Saida[1]    ; 15.731 ; 15.731 ; 15.731 ; 15.731 ;
; ULAB[0]     ; Saida[2]    ; 15.760 ; 15.760 ; 15.760 ; 15.760 ;
; ULAB[0]     ; Saida[3]    ; 15.747 ; 15.747 ; 15.747 ; 15.747 ;
; ULAB[0]     ; Saida[4]    ; 15.743 ; 15.743 ; 15.743 ; 15.743 ;
; ULAB[0]     ; Saida[5]    ; 15.464 ; 15.464 ; 15.464 ; 15.464 ;
; ULAB[0]     ; Saida[6]    ; 15.492 ; 15.492 ; 15.492 ; 15.492 ;
; ULAB[0]     ; Saida[7]    ; 13.868 ; 13.868 ; 13.868 ; 13.868 ;
; ULAB[0]     ; V           ; 12.967 ; 12.967 ; 12.967 ; 12.967 ;
; ULAB[0]     ; Z           ; 18.002 ; 18.002 ; 18.002 ; 18.002 ;
; ULAB[1]     ; N           ; 12.080 ; 12.080 ; 12.080 ; 12.080 ;
; ULAB[1]     ; Saida[0]    ; 14.210 ; 14.210 ; 14.210 ; 14.210 ;
; ULAB[1]     ; Saida[1]    ; 14.254 ; 14.254 ; 14.254 ; 14.254 ;
; ULAB[1]     ; Saida[2]    ; 14.283 ; 14.283 ; 14.283 ; 14.283 ;
; ULAB[1]     ; Saida[3]    ; 14.270 ; 14.270 ; 14.270 ; 14.270 ;
; ULAB[1]     ; Saida[4]    ; 14.266 ; 14.266 ; 14.266 ; 14.266 ;
; ULAB[1]     ; Saida[5]    ; 13.987 ; 13.987 ; 13.987 ; 13.987 ;
; ULAB[1]     ; Saida[6]    ; 14.015 ; 14.015 ; 14.015 ; 14.015 ;
; ULAB[1]     ; Saida[7]    ; 12.215 ; 12.215 ; 12.215 ; 12.215 ;
; ULAB[1]     ; V           ; 11.351 ; 11.351 ; 11.351 ; 11.351 ;
; ULAB[1]     ; Z           ; 16.525 ; 16.525 ; 16.525 ; 16.525 ;
; ULAB[2]     ; N           ; 13.960 ; 13.960 ; 13.960 ; 13.960 ;
; ULAB[2]     ; Saida[0]    ; 14.910 ; 14.910 ; 14.910 ; 14.910 ;
; ULAB[2]     ; Saida[1]    ; 14.954 ; 14.954 ; 14.954 ; 14.954 ;
; ULAB[2]     ; Saida[2]    ; 14.015 ; 14.015 ; 14.015 ; 14.015 ;
; ULAB[2]     ; Saida[3]    ; 13.995 ; 13.995 ; 13.995 ; 13.995 ;
; ULAB[2]     ; Saida[4]    ; 14.958 ; 14.958 ; 14.958 ; 14.958 ;
; ULAB[2]     ; Saida[5]    ; 14.680 ; 14.680 ; 14.680 ; 14.680 ;
; ULAB[2]     ; Saida[6]    ; 14.707 ; 14.707 ; 14.707 ; 14.707 ;
; ULAB[2]     ; Saida[7]    ; 14.095 ; 14.095 ; 14.095 ; 14.095 ;
; ULAB[2]     ; V           ; 10.622 ; 10.787 ; 10.787 ; 10.622 ;
; ULAB[2]     ; Z           ; 17.179 ; 17.179 ; 17.179 ; 17.179 ;
; ULAB[3]     ; N           ; 12.630 ; 12.630 ; 12.630 ; 12.630 ;
; ULAB[3]     ; Saida[0]    ; 13.580 ; 13.580 ; 13.580 ; 13.580 ;
; ULAB[3]     ; Saida[1]    ; 13.624 ; 13.624 ; 13.624 ; 13.624 ;
; ULAB[3]     ; Saida[4]    ; 13.628 ; 13.628 ; 13.628 ; 13.628 ;
; ULAB[3]     ; Saida[5]    ; 13.350 ; 13.350 ; 13.350 ; 13.350 ;
; ULAB[3]     ; Saida[6]    ; 13.377 ; 13.377 ; 13.377 ; 13.377 ;
; ULAB[3]     ; Saida[7]    ; 12.765 ; 12.765 ; 12.765 ; 12.765 ;
; ULAB[3]     ; V           ; 11.310 ; 11.310 ; 11.310 ; 11.310 ;
; ULAB[3]     ; Z           ; 15.849 ; 15.849 ; 15.849 ; 15.849 ;
+-------------+-------------+--------+--------+--------+--------+


+---------------------------------------------------------------+
; Minimum Propagation Delay                                     ;
+-------------+-------------+--------+--------+--------+--------+
; Input Port  ; Output Port ; RR     ; RF     ; FR     ; FF     ;
+-------------+-------------+--------+--------+--------+--------+
; Controle[0] ; N           ; 11.051 ; 11.051 ; 11.051 ; 11.051 ;
; Controle[0] ; Saida[0]    ; 11.155 ; 11.155 ; 11.155 ; 11.155 ;
; Controle[0] ; Saida[1]    ; 11.200 ; 11.200 ; 11.200 ; 11.200 ;
; Controle[0] ; Saida[2]    ; 11.229 ; 11.229 ; 11.229 ; 11.229 ;
; Controle[0] ; Saida[3]    ; 11.214 ; 11.214 ; 11.214 ; 11.214 ;
; Controle[0] ; Saida[4]    ; 11.206 ; 11.206 ; 11.206 ; 11.206 ;
; Controle[0] ; Saida[5]    ; 10.927 ; 10.927 ; 10.927 ; 10.927 ;
; Controle[0] ; Saida[6]    ; 10.956 ; 10.956 ; 10.956 ; 10.956 ;
; Controle[0] ; Saida[7]    ; 11.186 ; 11.186 ; 11.186 ; 11.186 ;
; Controle[0] ; V           ; 10.345 ; 10.345 ; 10.345 ; 10.345 ;
; Controle[0] ; Z           ; 13.468 ; 13.468 ; 13.468 ; 13.468 ;
; Controle[1] ; N           ; 10.329 ; 10.329 ; 10.329 ; 10.329 ;
; Controle[1] ; Saida[0]    ; 11.045 ; 11.045 ; 11.045 ; 11.045 ;
; Controle[1] ; Saida[1]    ; 11.090 ; 11.090 ; 11.090 ; 11.090 ;
; Controle[1] ; Saida[2]    ; 11.119 ; 11.119 ; 11.119 ; 11.119 ;
; Controle[1] ; Saida[3]    ; 11.104 ; 11.104 ; 11.104 ; 11.104 ;
; Controle[1] ; Saida[4]    ; 11.096 ; 11.096 ; 11.096 ; 11.096 ;
; Controle[1] ; Saida[5]    ; 10.817 ; 10.817 ; 10.817 ; 10.817 ;
; Controle[1] ; Saida[6]    ; 10.846 ; 10.846 ; 10.846 ; 10.846 ;
; Controle[1] ; Saida[7]    ; 10.464 ; 10.464 ; 10.464 ; 10.464 ;
; Controle[1] ; V           ; 10.296 ; 10.296 ; 10.296 ; 10.296 ;
; Controle[1] ; Z           ; 13.358 ; 13.358 ; 13.358 ; 13.358 ;
; Controle[2] ; N           ; 10.074 ; 10.074 ; 10.074 ; 10.074 ;
; Controle[2] ; Saida[0]    ; 10.275 ; 10.630 ; 10.630 ; 10.275 ;
; Controle[2] ; Saida[1]    ; 10.320 ; 10.675 ; 10.675 ; 10.320 ;
; Controle[2] ; Saida[2]    ; 10.349 ; 10.704 ; 10.704 ; 10.349 ;
; Controle[2] ; Saida[3]    ; 10.334 ; 10.334 ; 10.334 ; 10.334 ;
; Controle[2] ; Saida[4]    ; 10.681 ; 10.326 ; 10.326 ; 10.681 ;
; Controle[2] ; Saida[5]    ; 10.047 ; 10.047 ; 10.047 ; 10.047 ;
; Controle[2] ; Saida[6]    ; 10.076 ; 10.076 ; 10.076 ; 10.076 ;
; Controle[2] ; Saida[7]    ; 10.209 ; 10.209 ; 10.209 ; 10.209 ;
; Controle[2] ; V           ; 10.328 ; 10.923 ; 10.923 ; 10.328 ;
; Controle[2] ; Z           ; 12.943 ; 12.588 ; 12.588 ; 12.943 ;
; Controle[3] ; N           ; 10.096 ; 10.096 ; 10.096 ; 10.096 ;
; Controle[3] ; Saida[0]    ; 11.042 ; 10.005 ; 10.005 ; 11.042 ;
; Controle[3] ; Saida[1]    ; 11.086 ; 10.050 ; 10.050 ; 11.086 ;
; Controle[3] ; Saida[2]    ; 11.115 ; 10.079 ; 10.079 ; 11.115 ;
; Controle[3] ; Saida[3]    ; 10.064 ; 10.064 ; 10.064 ; 10.064 ;
; Controle[3] ; Saida[4]    ; 10.056 ; 11.094 ; 11.094 ; 10.056 ;
; Controle[3] ; Saida[5]    ; 9.777  ; 9.777  ; 9.777  ; 9.777  ;
; Controle[3] ; Saida[6]    ; 9.806  ; 9.806  ; 9.806  ; 9.806  ;
; Controle[3] ; Saida[7]    ; 10.231 ; 10.231 ; 10.231 ; 10.231 ;
; Controle[3] ; V           ; 11.124 ; 9.351  ; 9.351  ; 11.124 ;
; Controle[3] ; Z           ; 12.318 ; 13.315 ; 13.315 ; 12.318 ;
; ULAA[0]     ; N           ; 14.125 ; 14.125 ; 14.125 ; 14.125 ;
; ULAA[0]     ; Saida[0]    ; 13.577 ; 13.577 ; 13.577 ; 13.577 ;
; ULAA[0]     ; Saida[1]    ; 13.622 ; 13.622 ; 13.622 ; 13.622 ;
; ULAA[0]     ; Saida[2]    ; 13.651 ; 13.651 ; 13.651 ; 13.651 ;
; ULAA[0]     ; Saida[3]    ; 13.636 ; 13.636 ; 13.636 ; 13.636 ;
; ULAA[0]     ; Saida[4]    ; 13.628 ; 13.628 ; 13.628 ; 13.628 ;
; ULAA[0]     ; Saida[5]    ; 13.349 ; 13.349 ; 13.349 ; 13.349 ;
; ULAA[0]     ; Saida[6]    ; 13.378 ; 13.378 ; 13.378 ; 13.378 ;
; ULAA[0]     ; Saida[7]    ; 14.260 ; 14.260 ; 14.260 ; 14.260 ;
; ULAA[0]     ; V           ; 14.325 ; 14.325 ; 14.325 ; 14.325 ;
; ULAA[0]     ; Z           ; 15.890 ; 15.890 ; 15.890 ; 15.890 ;
; ULAA[1]     ; N           ; 13.752 ; 13.752 ; 13.752 ; 13.752 ;
; ULAA[1]     ; Saida[0]    ; 13.745 ; 13.745 ; 13.745 ; 13.745 ;
; ULAA[1]     ; Saida[1]    ; 13.789 ; 13.789 ; 13.789 ; 13.789 ;
; ULAA[1]     ; Saida[2]    ; 13.818 ; 13.818 ; 13.818 ; 13.818 ;
; ULAA[1]     ; Saida[3]    ; 13.805 ; 13.805 ; 13.805 ; 13.805 ;
; ULAA[1]     ; Saida[4]    ; 13.801 ; 13.801 ; 13.801 ; 13.801 ;
; ULAA[1]     ; Saida[5]    ; 13.522 ; 13.522 ; 13.522 ; 13.522 ;
; ULAA[1]     ; Saida[6]    ; 13.550 ; 13.550 ; 13.550 ; 13.550 ;
; ULAA[1]     ; Saida[7]    ; 13.887 ; 13.887 ; 13.887 ; 13.887 ;
; ULAA[1]     ; V           ; 13.602 ; 13.602 ; 13.602 ; 13.602 ;
; ULAA[1]     ; Z           ; 16.060 ; 16.060 ; 16.060 ; 16.060 ;
; ULAA[2]     ; N           ; 13.418 ; 13.418 ; 13.418 ; 13.418 ;
; ULAA[2]     ; Saida[0]    ; 13.386 ; 13.386 ; 13.386 ; 13.386 ;
; ULAA[2]     ; Saida[1]    ; 13.431 ; 13.431 ; 13.431 ; 13.431 ;
; ULAA[2]     ; Saida[2]    ; 13.469 ; 13.469 ; 13.469 ; 13.469 ;
; ULAA[2]     ; Saida[3]    ; 13.449 ; 13.449 ; 13.449 ; 13.449 ;
; ULAA[2]     ; Saida[4]    ; 13.446 ; 13.446 ; 13.446 ; 13.446 ;
; ULAA[2]     ; Saida[5]    ; 13.163 ; 13.163 ; 13.163 ; 13.163 ;
; ULAA[2]     ; Saida[6]    ; 13.196 ; 13.196 ; 13.196 ; 13.196 ;
; ULAA[2]     ; Saida[7]    ; 13.553 ; 13.553 ; 13.553 ; 13.553 ;
; ULAA[2]     ; V           ; 13.219 ; 13.219 ; 13.219 ; 13.219 ;
; ULAA[2]     ; Z           ; 15.657 ; 15.657 ; 15.657 ; 15.657 ;
; ULAA[3]     ; N           ; 13.542 ; 13.542 ; 13.542 ; 13.542 ;
; ULAA[3]     ; Saida[0]    ; 14.492 ; 14.492 ; 14.492 ; 14.492 ;
; ULAA[3]     ; Saida[1]    ; 14.536 ; 14.536 ; 14.536 ; 14.536 ;
; ULAA[3]     ; Saida[4]    ; 14.540 ; 14.540 ; 14.540 ; 14.540 ;
; ULAA[3]     ; Saida[5]    ; 14.262 ; 14.262 ; 14.262 ; 14.262 ;
; ULAA[3]     ; Saida[6]    ; 14.289 ; 14.289 ; 14.289 ; 14.289 ;
; ULAA[3]     ; Saida[7]    ; 13.677 ; 13.677 ; 13.677 ; 13.677 ;
; ULAA[3]     ; V           ; 12.821 ; 12.821 ; 12.821 ; 12.821 ;
; ULAA[3]     ; Z           ; 16.761 ; 16.761 ; 16.761 ; 16.761 ;
; ULAB[0]     ; N           ; 11.426 ; 11.426 ; 11.426 ; 11.426 ;
; ULAB[0]     ; Saida[0]    ; 11.185 ; 11.185 ; 11.185 ; 11.185 ;
; ULAB[0]     ; Saida[1]    ; 11.230 ; 11.230 ; 11.230 ; 11.230 ;
; ULAB[0]     ; Saida[2]    ; 11.259 ; 11.259 ; 11.259 ; 11.259 ;
; ULAB[0]     ; Saida[3]    ; 11.244 ; 11.244 ; 11.244 ; 11.244 ;
; ULAB[0]     ; Saida[4]    ; 11.236 ; 11.236 ; 11.236 ; 11.236 ;
; ULAB[0]     ; Saida[5]    ; 10.957 ; 10.957 ; 10.957 ; 10.957 ;
; ULAB[0]     ; Saida[6]    ; 10.986 ; 10.986 ; 10.986 ; 10.986 ;
; ULAB[0]     ; Saida[7]    ; 11.561 ; 11.561 ; 11.561 ; 11.561 ;
; ULAB[0]     ; V           ; 11.436 ; 11.786 ; 11.786 ; 11.436 ;
; ULAB[0]     ; Z           ; 13.498 ; 13.498 ; 13.498 ; 13.498 ;
; ULAB[1]     ; N           ; 9.779  ; 9.779  ; 9.779  ; 9.779  ;
; ULAB[1]     ; Saida[0]    ; 9.136  ; 9.136  ; 9.136  ; 9.136  ;
; ULAB[1]     ; Saida[1]    ; 9.180  ; 9.180  ; 9.180  ; 9.180  ;
; ULAB[1]     ; Saida[2]    ; 9.209  ; 9.880  ; 9.880  ; 9.209  ;
; ULAB[1]     ; Saida[3]    ; 9.196  ; 9.196  ; 9.196  ; 9.196  ;
; ULAB[1]     ; Saida[4]    ; 9.863  ; 9.192  ; 9.192  ; 9.863  ;
; ULAB[1]     ; Saida[5]    ; 8.913  ; 8.913  ; 8.913  ; 8.913  ;
; ULAB[1]     ; Saida[6]    ; 8.941  ; 8.941  ; 8.941  ; 8.941  ;
; ULAB[1]     ; Saida[7]    ; 9.914  ; 9.914  ; 9.914  ; 9.914  ;
; ULAB[1]     ; V           ; 9.663  ; 9.798  ; 9.798  ; 9.663  ;
; ULAB[1]     ; Z           ; 11.451 ; 12.122 ; 12.122 ; 11.451 ;
; ULAB[2]     ; N           ; 9.303  ; 9.303  ; 9.303  ; 9.303  ;
; ULAB[2]     ; Saida[0]    ; 8.865  ; 8.865  ; 8.865  ; 8.865  ;
; ULAB[2]     ; Saida[1]    ; 8.910  ; 8.910  ; 8.910  ; 8.910  ;
; ULAB[2]     ; Saida[2]    ; 9.342  ; 8.948  ; 8.948  ; 9.342  ;
; ULAB[2]     ; Saida[3]    ; 8.928  ; 8.928  ; 8.928  ; 8.928  ;
; ULAB[2]     ; Saida[4]    ; 8.925  ; 8.925  ; 8.925  ; 8.925  ;
; ULAB[2]     ; Saida[5]    ; 8.642  ; 8.642  ; 8.642  ; 8.642  ;
; ULAB[2]     ; Saida[6]    ; 8.675  ; 8.675  ; 8.675  ; 8.675  ;
; ULAB[2]     ; Saida[7]    ; 9.438  ; 9.438  ; 9.438  ; 9.438  ;
; ULAB[2]     ; V           ; 9.432  ; 9.447  ; 9.447  ; 9.432  ;
; ULAB[2]     ; Z           ; 11.136 ; 11.530 ; 11.530 ; 11.136 ;
; ULAB[3]     ; N           ; 10.053 ; 7.941  ; 7.941  ; 10.053 ;
; ULAB[3]     ; Saida[0]    ; 8.891  ; 11.003 ; 11.003 ; 8.891  ;
; ULAB[3]     ; Saida[1]    ; 8.935  ; 8.935  ; 8.935  ; 8.935  ;
; ULAB[3]     ; Saida[4]    ; 8.939  ; 8.939  ; 8.939  ; 8.939  ;
; ULAB[3]     ; Saida[5]    ; 8.661  ; 8.661  ; 8.661  ; 8.661  ;
; ULAB[3]     ; Saida[6]    ; 8.688  ; 8.688  ; 8.688  ; 8.688  ;
; ULAB[3]     ; Saida[7]    ; 8.076  ; 10.188 ; 10.188 ; 8.076  ;
; ULAB[3]     ; V           ; 8.970  ; 8.970  ; 8.970  ; 8.970  ;
; ULAB[3]     ; Z           ; 11.160 ; 13.272 ; 13.272 ; 11.160 ;
+-------------+-------------+--------+--------+--------+--------+


----------------------------
; Fast Model Setup Summary ;
----------------------------
No paths to report.


---------------------------
; Fast Model Hold Summary ;
---------------------------
No paths to report.


-------------------------------
; Fast Model Recovery Summary ;
-------------------------------
No paths to report.


------------------------------
; Fast Model Removal Summary ;
------------------------------
No paths to report.


------------------------------------------
; Fast Model Minimum Pulse Width Summary ;
------------------------------------------
No paths to report.


+---------------------------------------------------------------+
; Propagation Delay                                             ;
+-------------+-------------+--------+--------+--------+--------+
; Input Port  ; Output Port ; RR     ; RF     ; FR     ; FF     ;
+-------------+-------------+--------+--------+--------+--------+
; Controle[0] ; N           ; 6.520  ; 6.520  ; 6.520  ; 6.520  ;
; Controle[0] ; Saida[0]    ; 7.175  ; 7.175  ; 7.175  ; 7.175  ;
; Controle[0] ; Saida[1]    ; 7.201  ; 7.201  ; 7.201  ; 7.201  ;
; Controle[0] ; Saida[2]    ; 7.231  ; 7.231  ; 7.231  ; 7.231  ;
; Controle[0] ; Saida[3]    ; 7.215  ; 7.215  ; 7.215  ; 7.215  ;
; Controle[0] ; Saida[4]    ; 7.231  ; 7.231  ; 7.231  ; 7.231  ;
; Controle[0] ; Saida[5]    ; 7.070  ; 7.070  ; 7.070  ; 7.070  ;
; Controle[0] ; Saida[6]    ; 7.098  ; 7.098  ; 7.098  ; 7.098  ;
; Controle[0] ; Saida[7]    ; 6.527  ; 6.527  ; 6.527  ; 6.527  ;
; Controle[0] ; V           ; 5.830  ; 5.830  ; 5.830  ; 5.830  ;
; Controle[0] ; Z           ; 8.239  ; 8.239  ; 8.239  ; 8.239  ;
; Controle[1] ; N           ; 6.419  ; 6.419  ; 6.419  ; 6.419  ;
; Controle[1] ; Saida[0]    ; 7.409  ; 7.409  ; 7.409  ; 7.409  ;
; Controle[1] ; Saida[1]    ; 7.435  ; 7.435  ; 7.435  ; 7.435  ;
; Controle[1] ; Saida[2]    ; 7.465  ; 7.465  ; 7.465  ; 7.465  ;
; Controle[1] ; Saida[3]    ; 7.449  ; 7.449  ; 7.449  ; 7.449  ;
; Controle[1] ; Saida[4]    ; 7.465  ; 7.465  ; 7.465  ; 7.465  ;
; Controle[1] ; Saida[5]    ; 7.304  ; 7.304  ; 7.304  ; 7.304  ;
; Controle[1] ; Saida[6]    ; 7.332  ; 7.332  ; 7.332  ; 7.332  ;
; Controle[1] ; Saida[7]    ; 6.426  ; 6.426  ; 6.426  ; 6.426  ;
; Controle[1] ; V           ; 5.844  ; 5.774  ; 5.774  ; 5.844  ;
; Controle[1] ; Z           ; 8.473  ; 8.473  ; 8.473  ; 8.473  ;
; Controle[2] ; N           ; 6.244  ; 6.244  ; 6.244  ; 6.244  ;
; Controle[2] ; Saida[0]    ; 6.831  ; 6.831  ; 6.831  ; 6.831  ;
; Controle[2] ; Saida[1]    ; 6.857  ; 6.857  ; 6.857  ; 6.857  ;
; Controle[2] ; Saida[2]    ; 6.887  ; 6.887  ; 6.887  ; 6.887  ;
; Controle[2] ; Saida[3]    ; 6.871  ; 6.871  ; 6.871  ; 6.871  ;
; Controle[2] ; Saida[4]    ; 6.887  ; 6.887  ; 6.887  ; 6.887  ;
; Controle[2] ; Saida[5]    ; 6.726  ; 6.726  ; 6.726  ; 6.726  ;
; Controle[2] ; Saida[6]    ; 6.754  ; 6.754  ; 6.754  ; 6.754  ;
; Controle[2] ; Saida[7]    ; 6.251  ; 6.251  ; 6.251  ; 6.251  ;
; Controle[2] ; V           ; 5.308  ; 5.644  ; 5.644  ; 5.308  ;
; Controle[2] ; Z           ; 7.895  ; 7.895  ; 7.895  ; 7.895  ;
; Controle[3] ; N           ; 5.746  ; 5.746  ; 5.746  ; 5.746  ;
; Controle[3] ; Saida[0]    ; 6.075  ; 6.075  ; 6.075  ; 6.075  ;
; Controle[3] ; Saida[1]    ; 6.100  ; 6.100  ; 6.100  ; 6.100  ;
; Controle[3] ; Saida[2]    ; 6.091  ; 6.091  ; 6.091  ; 6.091  ;
; Controle[3] ; Saida[3]    ; 6.075  ; 6.075  ; 6.075  ; 6.075  ;
; Controle[3] ; Saida[4]    ; 6.101  ; 6.101  ; 6.101  ; 6.101  ;
; Controle[3] ; Saida[5]    ; 5.961  ; 5.961  ; 5.961  ; 5.961  ;
; Controle[3] ; Saida[6]    ; 5.989  ; 5.989  ; 5.989  ; 5.989  ;
; Controle[3] ; Saida[7]    ; 5.753  ; 5.753  ; 5.753  ; 5.753  ;
; Controle[3] ; V           ; 5.672  ; 4.904  ; 4.904  ; 5.672  ;
; Controle[3] ; Z           ; 7.134  ; 7.134  ; 7.134  ; 7.134  ;
; ULAA[0]     ; N           ; 9.393  ; 9.393  ; 9.393  ; 9.393  ;
; ULAA[0]     ; Saida[0]    ; 9.722  ; 9.722  ; 9.722  ; 9.722  ;
; ULAA[0]     ; Saida[1]    ; 9.747  ; 9.747  ; 9.747  ; 9.747  ;
; ULAA[0]     ; Saida[2]    ; 9.353  ; 9.353  ; 9.353  ; 9.353  ;
; ULAA[0]     ; Saida[3]    ; 9.337  ; 9.337  ; 9.337  ; 9.337  ;
; ULAA[0]     ; Saida[4]    ; 9.748  ; 9.748  ; 9.748  ; 9.748  ;
; ULAA[0]     ; Saida[5]    ; 9.608  ; 9.608  ; 9.608  ; 9.608  ;
; ULAA[0]     ; Saida[6]    ; 9.636  ; 9.636  ; 9.636  ; 9.636  ;
; ULAA[0]     ; Saida[7]    ; 9.400  ; 9.400  ; 9.400  ; 9.400  ;
; ULAA[0]     ; V           ; 8.407  ; 8.407  ; 8.407  ; 8.407  ;
; ULAA[0]     ; Z           ; 10.781 ; 10.781 ; 10.781 ; 10.781 ;
; ULAA[1]     ; N           ; 8.354  ; 8.354  ; 8.354  ; 8.354  ;
; ULAA[1]     ; Saida[0]    ; 9.034  ; 9.034  ; 9.034  ; 9.034  ;
; ULAA[1]     ; Saida[1]    ; 9.060  ; 9.060  ; 9.060  ; 9.060  ;
; ULAA[1]     ; Saida[2]    ; 9.090  ; 9.090  ; 9.090  ; 9.090  ;
; ULAA[1]     ; Saida[3]    ; 9.074  ; 9.074  ; 9.074  ; 9.074  ;
; ULAA[1]     ; Saida[4]    ; 9.090  ; 9.090  ; 9.090  ; 9.090  ;
; ULAA[1]     ; Saida[5]    ; 8.929  ; 8.929  ; 8.929  ; 8.929  ;
; ULAA[1]     ; Saida[6]    ; 8.957  ; 8.957  ; 8.957  ; 8.957  ;
; ULAA[1]     ; Saida[7]    ; 8.361  ; 8.361  ; 8.361  ; 8.361  ;
; ULAA[1]     ; V           ; 8.070  ; 8.070  ; 8.070  ; 8.070  ;
; ULAA[1]     ; Z           ; 10.098 ; 10.098 ; 10.098 ; 10.098 ;
; ULAA[2]     ; N           ; 7.881  ; 7.881  ; 7.881  ; 7.881  ;
; ULAA[2]     ; Saida[0]    ; 8.655  ; 8.655  ; 8.655  ; 8.655  ;
; ULAA[2]     ; Saida[1]    ; 8.682  ; 8.682  ; 8.682  ; 8.682  ;
; ULAA[2]     ; Saida[2]    ; 8.712  ; 8.712  ; 8.712  ; 8.712  ;
; ULAA[2]     ; Saida[3]    ; 8.696  ; 8.696  ; 8.696  ; 8.696  ;
; ULAA[2]     ; Saida[4]    ; 8.688  ; 8.688  ; 8.688  ; 8.688  ;
; ULAA[2]     ; Saida[5]    ; 8.553  ; 8.553  ; 8.553  ; 8.553  ;
; ULAA[2]     ; Saida[6]    ; 8.579  ; 8.579  ; 8.579  ; 8.579  ;
; ULAA[2]     ; Saida[7]    ; 7.888  ; 7.888  ; 7.888  ; 7.888  ;
; ULAA[2]     ; V           ; 7.760  ; 7.760  ; 7.760  ; 7.760  ;
; ULAA[2]     ; Z           ; 9.721  ; 9.721  ; 9.721  ; 9.721  ;
; ULAA[3]     ; N           ; 8.392  ; 8.392  ; 8.392  ; 8.392  ;
; ULAA[3]     ; Saida[0]    ; 8.721  ; 8.721  ; 8.721  ; 8.721  ;
; ULAA[3]     ; Saida[1]    ; 8.746  ; 8.746  ; 8.746  ; 8.746  ;
; ULAA[3]     ; Saida[4]    ; 8.747  ; 8.747  ; 8.747  ; 8.747  ;
; ULAA[3]     ; Saida[5]    ; 8.607  ; 8.607  ; 8.607  ; 8.607  ;
; ULAA[3]     ; Saida[6]    ; 8.635  ; 8.635  ; 8.635  ; 8.635  ;
; ULAA[3]     ; Saida[7]    ; 8.399  ; 8.399  ; 8.399  ; 8.399  ;
; ULAA[3]     ; V           ; 7.720  ; 7.720  ; 7.720  ; 7.720  ;
; ULAA[3]     ; Z           ; 9.780  ; 9.780  ; 9.780  ; 9.780  ;
; ULAB[0]     ; N           ; 6.856  ; 6.856  ; 6.856  ; 6.856  ;
; ULAB[0]     ; Saida[0]    ; 7.561  ; 7.561  ; 7.561  ; 7.561  ;
; ULAB[0]     ; Saida[1]    ; 7.587  ; 7.587  ; 7.587  ; 7.587  ;
; ULAB[0]     ; Saida[2]    ; 7.617  ; 7.617  ; 7.617  ; 7.617  ;
; ULAB[0]     ; Saida[3]    ; 7.601  ; 7.601  ; 7.601  ; 7.601  ;
; ULAB[0]     ; Saida[4]    ; 7.617  ; 7.617  ; 7.617  ; 7.617  ;
; ULAB[0]     ; Saida[5]    ; 7.456  ; 7.456  ; 7.456  ; 7.456  ;
; ULAB[0]     ; Saida[6]    ; 7.484  ; 7.484  ; 7.484  ; 7.484  ;
; ULAB[0]     ; Saida[7]    ; 6.863  ; 6.863  ; 6.863  ; 6.863  ;
; ULAB[0]     ; V           ; 6.552  ; 6.552  ; 6.552  ; 6.552  ;
; ULAB[0]     ; Z           ; 8.625  ; 8.625  ; 8.625  ; 8.625  ;
; ULAB[1]     ; N           ; 5.922  ; 5.922  ; 5.922  ; 5.922  ;
; ULAB[1]     ; Saida[0]    ; 6.702  ; 6.702  ; 6.702  ; 6.702  ;
; ULAB[1]     ; Saida[1]    ; 6.728  ; 6.728  ; 6.728  ; 6.728  ;
; ULAB[1]     ; Saida[2]    ; 6.758  ; 6.758  ; 6.758  ; 6.758  ;
; ULAB[1]     ; Saida[3]    ; 6.742  ; 6.742  ; 6.742  ; 6.742  ;
; ULAB[1]     ; Saida[4]    ; 6.758  ; 6.758  ; 6.758  ; 6.758  ;
; ULAB[1]     ; Saida[5]    ; 6.597  ; 6.597  ; 6.597  ; 6.597  ;
; ULAB[1]     ; Saida[6]    ; 6.625  ; 6.625  ; 6.625  ; 6.625  ;
; ULAB[1]     ; Saida[7]    ; 5.929  ; 5.929  ; 5.929  ; 5.929  ;
; ULAB[1]     ; V           ; 5.611  ; 5.611  ; 5.611  ; 5.611  ;
; ULAB[1]     ; Z           ; 7.766  ; 7.766  ; 7.766  ; 7.766  ;
; ULAB[2]     ; N           ; 6.865  ; 6.865  ; 6.865  ; 6.865  ;
; ULAB[2]     ; Saida[0]    ; 7.194  ; 7.194  ; 7.194  ; 7.194  ;
; ULAB[2]     ; Saida[1]    ; 7.219  ; 7.219  ; 7.219  ; 7.219  ;
; ULAB[2]     ; Saida[2]    ; 6.825  ; 6.825  ; 6.825  ; 6.825  ;
; ULAB[2]     ; Saida[3]    ; 6.809  ; 6.809  ; 6.809  ; 6.809  ;
; ULAB[2]     ; Saida[4]    ; 7.220  ; 7.220  ; 7.220  ; 7.220  ;
; ULAB[2]     ; Saida[5]    ; 7.080  ; 7.080  ; 7.080  ; 7.080  ;
; ULAB[2]     ; Saida[6]    ; 7.108  ; 7.108  ; 7.108  ; 7.108  ;
; ULAB[2]     ; Saida[7]    ; 6.872  ; 6.872  ; 6.872  ; 6.872  ;
; ULAB[2]     ; V           ; 5.321  ; 5.355  ; 5.355  ; 5.321  ;
; ULAB[2]     ; Z           ; 8.253  ; 8.253  ; 8.253  ; 8.253  ;
; ULAB[3]     ; N           ; 6.158  ; 6.158  ; 6.158  ; 6.158  ;
; ULAB[3]     ; Saida[0]    ; 6.487  ; 6.487  ; 6.487  ; 6.487  ;
; ULAB[3]     ; Saida[1]    ; 6.512  ; 6.512  ; 6.512  ; 6.512  ;
; ULAB[3]     ; Saida[4]    ; 6.513  ; 6.513  ; 6.513  ; 6.513  ;
; ULAB[3]     ; Saida[5]    ; 6.373  ; 6.373  ; 6.373  ; 6.373  ;
; ULAB[3]     ; Saida[6]    ; 6.401  ; 6.401  ; 6.401  ; 6.401  ;
; ULAB[3]     ; Saida[7]    ; 6.165  ; 6.165  ; 6.165  ; 6.165  ;
; ULAB[3]     ; V           ; 5.602  ; 5.602  ; 5.602  ; 5.602  ;
; ULAB[3]     ; Z           ; 7.546  ; 7.546  ; 7.546  ; 7.546  ;
+-------------+-------------+--------+--------+--------+--------+


+-----------------------------------------------------------+
; Minimum Propagation Delay                                 ;
+-------------+-------------+-------+-------+-------+-------+
; Input Port  ; Output Port ; RR    ; RF    ; FR    ; FF    ;
+-------------+-------------+-------+-------+-------+-------+
; Controle[0] ; N           ; 5.647 ; 5.647 ; 5.647 ; 5.647 ;
; Controle[0] ; Saida[0]    ; 5.587 ; 5.587 ; 5.587 ; 5.587 ;
; Controle[0] ; Saida[1]    ; 5.612 ; 5.612 ; 5.612 ; 5.612 ;
; Controle[0] ; Saida[2]    ; 5.638 ; 5.638 ; 5.638 ; 5.638 ;
; Controle[0] ; Saida[3]    ; 5.624 ; 5.624 ; 5.624 ; 5.624 ;
; Controle[0] ; Saida[4]    ; 5.609 ; 5.609 ; 5.609 ; 5.609 ;
; Controle[0] ; Saida[5]    ; 5.476 ; 5.476 ; 5.476 ; 5.476 ;
; Controle[0] ; Saida[6]    ; 5.505 ; 5.505 ; 5.505 ; 5.505 ;
; Controle[0] ; Saida[7]    ; 5.654 ; 5.654 ; 5.654 ; 5.654 ;
; Controle[0] ; V           ; 5.332 ; 5.332 ; 5.332 ; 5.332 ;
; Controle[0] ; Z           ; 6.642 ; 6.642 ; 6.642 ; 6.642 ;
; Controle[1] ; N           ; 5.336 ; 5.336 ; 5.336 ; 5.336 ;
; Controle[1] ; Saida[0]    ; 5.535 ; 5.535 ; 5.535 ; 5.535 ;
; Controle[1] ; Saida[1]    ; 5.560 ; 5.560 ; 5.560 ; 5.560 ;
; Controle[1] ; Saida[2]    ; 5.586 ; 5.586 ; 5.586 ; 5.586 ;
; Controle[1] ; Saida[3]    ; 5.572 ; 5.572 ; 5.572 ; 5.572 ;
; Controle[1] ; Saida[4]    ; 5.557 ; 5.557 ; 5.557 ; 5.557 ;
; Controle[1] ; Saida[5]    ; 5.424 ; 5.424 ; 5.424 ; 5.424 ;
; Controle[1] ; Saida[6]    ; 5.453 ; 5.453 ; 5.453 ; 5.453 ;
; Controle[1] ; Saida[7]    ; 5.343 ; 5.343 ; 5.343 ; 5.343 ;
; Controle[1] ; V           ; 5.293 ; 5.293 ; 5.293 ; 5.293 ;
; Controle[1] ; Z           ; 6.590 ; 6.590 ; 6.590 ; 6.590 ;
; Controle[2] ; N           ; 5.192 ; 5.192 ; 5.192 ; 5.192 ;
; Controle[2] ; Saida[0]    ; 5.188 ; 5.341 ; 5.341 ; 5.188 ;
; Controle[2] ; Saida[1]    ; 5.213 ; 5.366 ; 5.366 ; 5.213 ;
; Controle[2] ; Saida[2]    ; 5.239 ; 5.392 ; 5.392 ; 5.239 ;
; Controle[2] ; Saida[3]    ; 5.225 ; 5.225 ; 5.225 ; 5.225 ;
; Controle[2] ; Saida[4]    ; 5.363 ; 5.210 ; 5.210 ; 5.363 ;
; Controle[2] ; Saida[5]    ; 5.077 ; 5.077 ; 5.077 ; 5.077 ;
; Controle[2] ; Saida[6]    ; 5.106 ; 5.106 ; 5.106 ; 5.106 ;
; Controle[2] ; Saida[7]    ; 5.199 ; 5.199 ; 5.199 ; 5.199 ;
; Controle[2] ; V           ; 5.308 ; 5.547 ; 5.547 ; 5.308 ;
; Controle[2] ; Z           ; 6.396 ; 6.243 ; 6.243 ; 6.396 ;
; Controle[3] ; N           ; 5.230 ; 5.230 ; 5.230 ; 5.230 ;
; Controle[3] ; Saida[0]    ; 5.507 ; 5.091 ; 5.091 ; 5.507 ;
; Controle[3] ; Saida[1]    ; 5.533 ; 5.116 ; 5.116 ; 5.533 ;
; Controle[3] ; Saida[2]    ; 5.563 ; 5.142 ; 5.142 ; 5.563 ;
; Controle[3] ; Saida[3]    ; 5.128 ; 5.128 ; 5.128 ; 5.128 ;
; Controle[3] ; Saida[4]    ; 5.113 ; 5.563 ; 5.563 ; 5.113 ;
; Controle[3] ; Saida[5]    ; 4.980 ; 4.980 ; 4.980 ; 4.980 ;
; Controle[3] ; Saida[6]    ; 5.009 ; 5.009 ; 5.009 ; 5.009 ;
; Controle[3] ; Saida[7]    ; 5.237 ; 5.237 ; 5.237 ; 5.237 ;
; Controle[3] ; V           ; 5.672 ; 4.904 ; 4.904 ; 5.672 ;
; Controle[3] ; Z           ; 6.146 ; 6.571 ; 6.571 ; 6.146 ;
; ULAA[0]     ; N           ; 7.586 ; 7.586 ; 7.586 ; 7.586 ;
; ULAA[0]     ; Saida[0]    ; 7.237 ; 7.237 ; 7.237 ; 7.237 ;
; ULAA[0]     ; Saida[1]    ; 7.262 ; 7.262 ; 7.262 ; 7.262 ;
; ULAA[0]     ; Saida[2]    ; 7.288 ; 7.288 ; 7.288 ; 7.288 ;
; ULAA[0]     ; Saida[3]    ; 7.274 ; 7.274 ; 7.274 ; 7.274 ;
; ULAA[0]     ; Saida[4]    ; 7.259 ; 7.259 ; 7.259 ; 7.259 ;
; ULAA[0]     ; Saida[5]    ; 7.126 ; 7.126 ; 7.126 ; 7.126 ;
; ULAA[0]     ; Saida[6]    ; 7.155 ; 7.155 ; 7.155 ; 7.155 ;
; ULAA[0]     ; Saida[7]    ; 7.593 ; 7.593 ; 7.593 ; 7.593 ;
; ULAA[0]     ; V           ; 7.671 ; 7.671 ; 7.671 ; 7.671 ;
; ULAA[0]     ; Z           ; 8.292 ; 8.292 ; 8.292 ; 8.292 ;
; ULAA[1]     ; N           ; 7.370 ; 7.370 ; 7.370 ; 7.370 ;
; ULAA[1]     ; Saida[0]    ; 7.250 ; 7.250 ; 7.250 ; 7.250 ;
; ULAA[1]     ; Saida[1]    ; 7.276 ; 7.276 ; 7.276 ; 7.276 ;
; ULAA[1]     ; Saida[2]    ; 7.306 ; 7.306 ; 7.306 ; 7.306 ;
; ULAA[1]     ; Saida[3]    ; 7.290 ; 7.290 ; 7.290 ; 7.290 ;
; ULAA[1]     ; Saida[4]    ; 7.306 ; 7.306 ; 7.306 ; 7.306 ;
; ULAA[1]     ; Saida[5]    ; 7.145 ; 7.145 ; 7.145 ; 7.145 ;
; ULAA[1]     ; Saida[6]    ; 7.173 ; 7.173 ; 7.173 ; 7.173 ;
; ULAA[1]     ; Saida[7]    ; 7.377 ; 7.377 ; 7.377 ; 7.377 ;
; ULAA[1]     ; V           ; 7.300 ; 7.300 ; 7.300 ; 7.300 ;
; ULAA[1]     ; Z           ; 8.314 ; 8.314 ; 8.314 ; 8.314 ;
; ULAA[2]     ; N           ; 7.254 ; 7.254 ; 7.254 ; 7.254 ;
; ULAA[2]     ; Saida[0]    ; 7.146 ; 7.146 ; 7.146 ; 7.146 ;
; ULAA[2]     ; Saida[1]    ; 7.173 ; 7.173 ; 7.173 ; 7.173 ;
; ULAA[2]     ; Saida[2]    ; 7.203 ; 7.203 ; 7.203 ; 7.203 ;
; ULAA[2]     ; Saida[3]    ; 7.187 ; 7.187 ; 7.187 ; 7.187 ;
; ULAA[2]     ; Saida[4]    ; 7.179 ; 7.179 ; 7.179 ; 7.179 ;
; ULAA[2]     ; Saida[5]    ; 7.044 ; 7.044 ; 7.044 ; 7.044 ;
; ULAA[2]     ; Saida[6]    ; 7.070 ; 7.070 ; 7.070 ; 7.070 ;
; ULAA[2]     ; Saida[7]    ; 7.261 ; 7.261 ; 7.261 ; 7.261 ;
; ULAA[2]     ; V           ; 7.155 ; 7.155 ; 7.155 ; 7.155 ;
; ULAA[2]     ; Z           ; 8.212 ; 8.212 ; 8.212 ; 8.212 ;
; ULAA[3]     ; N           ; 7.297 ; 7.297 ; 7.297 ; 7.297 ;
; ULAA[3]     ; Saida[0]    ; 7.626 ; 7.626 ; 7.626 ; 7.626 ;
; ULAA[3]     ; Saida[1]    ; 7.651 ; 7.651 ; 7.651 ; 7.651 ;
; ULAA[3]     ; Saida[4]    ; 7.652 ; 7.652 ; 7.652 ; 7.652 ;
; ULAA[3]     ; Saida[5]    ; 7.512 ; 7.512 ; 7.512 ; 7.512 ;
; ULAA[3]     ; Saida[6]    ; 7.540 ; 7.540 ; 7.540 ; 7.540 ;
; ULAA[3]     ; Saida[7]    ; 7.304 ; 7.304 ; 7.304 ; 7.304 ;
; ULAA[3]     ; V           ; 6.983 ; 6.983 ; 6.983 ; 6.983 ;
; ULAA[3]     ; Z           ; 8.685 ; 8.685 ; 8.685 ; 8.685 ;
; ULAB[0]     ; N           ; 5.880 ; 5.880 ; 5.880 ; 5.880 ;
; ULAB[0]     ; Saida[0]    ; 5.671 ; 5.671 ; 5.671 ; 5.671 ;
; ULAB[0]     ; Saida[1]    ; 5.696 ; 5.696 ; 5.696 ; 5.696 ;
; ULAB[0]     ; Saida[2]    ; 5.722 ; 5.722 ; 5.722 ; 5.722 ;
; ULAB[0]     ; Saida[3]    ; 5.708 ; 5.708 ; 5.708 ; 5.708 ;
; ULAB[0]     ; Saida[4]    ; 5.693 ; 5.693 ; 5.693 ; 5.693 ;
; ULAB[0]     ; Saida[5]    ; 5.560 ; 5.560 ; 5.560 ; 5.560 ;
; ULAB[0]     ; Saida[6]    ; 5.589 ; 5.589 ; 5.589 ; 5.589 ;
; ULAB[0]     ; Saida[7]    ; 5.887 ; 5.887 ; 5.887 ; 5.887 ;
; ULAB[0]     ; V           ; 5.892 ; 6.031 ; 6.031 ; 5.892 ;
; ULAB[0]     ; Z           ; 6.726 ; 6.726 ; 6.726 ; 6.726 ;
; ULAB[1]     ; N           ; 4.933 ; 4.933 ; 4.933 ; 4.933 ;
; ULAB[1]     ; Saida[0]    ; 4.536 ; 4.536 ; 4.536 ; 4.536 ;
; ULAB[1]     ; Saida[1]    ; 4.562 ; 4.562 ; 4.562 ; 4.562 ;
; ULAB[1]     ; Saida[2]    ; 4.592 ; 4.877 ; 4.877 ; 4.592 ;
; ULAB[1]     ; Saida[3]    ; 4.576 ; 4.576 ; 4.576 ; 4.576 ;
; ULAB[1]     ; Saida[4]    ; 4.877 ; 4.592 ; 4.592 ; 4.877 ;
; ULAB[1]     ; Saida[5]    ; 4.431 ; 4.431 ; 4.431 ; 4.431 ;
; ULAB[1]     ; Saida[6]    ; 4.459 ; 4.459 ; 4.459 ; 4.459 ;
; ULAB[1]     ; Saida[7]    ; 4.940 ; 4.940 ; 4.940 ; 4.940 ;
; ULAB[1]     ; V           ; 4.903 ; 4.946 ; 4.946 ; 4.903 ;
; ULAB[1]     ; Z           ; 5.600 ; 5.885 ; 5.885 ; 5.600 ;
; ULAB[2]     ; N           ; 4.757 ; 4.757 ; 4.757 ; 4.757 ;
; ULAB[2]     ; Saida[0]    ; 4.454 ; 4.454 ; 4.454 ; 4.454 ;
; ULAB[2]     ; Saida[1]    ; 4.481 ; 4.481 ; 4.481 ; 4.481 ;
; ULAB[2]     ; Saida[2]    ; 4.677 ; 4.511 ; 4.511 ; 4.677 ;
; ULAB[2]     ; Saida[3]    ; 4.495 ; 4.495 ; 4.495 ; 4.495 ;
; ULAB[2]     ; Saida[4]    ; 4.487 ; 4.487 ; 4.487 ; 4.487 ;
; ULAB[2]     ; Saida[5]    ; 4.352 ; 4.352 ; 4.352 ; 4.352 ;
; ULAB[2]     ; Saida[6]    ; 4.378 ; 4.378 ; 4.378 ; 4.378 ;
; ULAB[2]     ; Saida[7]    ; 4.764 ; 4.764 ; 4.764 ; 4.764 ;
; ULAB[2]     ; V           ; 4.780 ; 4.780 ; 4.780 ; 4.780 ;
; ULAB[2]     ; Z           ; 5.520 ; 5.686 ; 5.686 ; 5.520 ;
; ULAB[3]     ; N           ; 5.063 ; 4.145 ; 4.145 ; 5.063 ;
; ULAB[3]     ; Saida[0]    ; 4.474 ; 5.392 ; 5.392 ; 4.474 ;
; ULAB[3]     ; Saida[1]    ; 4.499 ; 4.499 ; 4.499 ; 4.499 ;
; ULAB[3]     ; Saida[4]    ; 4.500 ; 4.500 ; 4.500 ; 4.500 ;
; ULAB[3]     ; Saida[5]    ; 4.360 ; 4.360 ; 4.360 ; 4.360 ;
; ULAB[3]     ; Saida[6]    ; 4.388 ; 4.388 ; 4.388 ; 4.388 ;
; ULAB[3]     ; Saida[7]    ; 4.152 ; 5.070 ; 5.070 ; 4.152 ;
; ULAB[3]     ; V           ; 4.608 ; 4.608 ; 4.608 ; 4.608 ;
; ULAB[3]     ; Z           ; 5.533 ; 6.451 ; 6.451 ; 5.533 ;
+-------------+-------------+-------+-------+-------+-------+


+----------------------------------------------------------------------------+
; Multicorner Timing Analysis Summary                                        ;
+------------------+-------+------+----------+---------+---------------------+
; Clock            ; Setup ; Hold ; Recovery ; Removal ; Minimum Pulse Width ;
+------------------+-------+------+----------+---------+---------------------+
; Worst-case Slack ; N/A   ; N/A  ; N/A      ; N/A     ; N/A                 ;
; Design-wide TNS  ; 0.0   ; 0.0  ; 0.0      ; 0.0     ; 0.0                 ;
+------------------+-------+------+----------+---------+---------------------+


+---------------------------------------------------------------+
; Progagation Delay                                             ;
+-------------+-------------+--------+--------+--------+--------+
; Input Port  ; Output Port ; RR     ; RF     ; FR     ; FF     ;
+-------------+-------------+--------+--------+--------+--------+
; Controle[0] ; N           ; 13.176 ; 13.176 ; 13.176 ; 13.176 ;
; Controle[0] ; Saida[0]    ; 14.952 ; 14.952 ; 14.952 ; 14.952 ;
; Controle[0] ; Saida[1]    ; 14.996 ; 14.996 ; 14.996 ; 14.996 ;
; Controle[0] ; Saida[2]    ; 15.025 ; 15.025 ; 15.025 ; 15.025 ;
; Controle[0] ; Saida[3]    ; 15.012 ; 15.012 ; 15.012 ; 15.012 ;
; Controle[0] ; Saida[4]    ; 15.008 ; 15.008 ; 15.008 ; 15.008 ;
; Controle[0] ; Saida[5]    ; 14.729 ; 14.729 ; 14.729 ; 14.729 ;
; Controle[0] ; Saida[6]    ; 14.757 ; 14.757 ; 14.757 ; 14.757 ;
; Controle[0] ; Saida[7]    ; 13.311 ; 13.311 ; 13.311 ; 13.311 ;
; Controle[0] ; V           ; 11.484 ; 11.484 ; 11.484 ; 11.484 ;
; Controle[0] ; Z           ; 17.267 ; 17.267 ; 17.267 ; 17.267 ;
; Controle[1] ; N           ; 12.881 ; 12.881 ; 12.881 ; 12.881 ;
; Controle[1] ; Saida[0]    ; 15.534 ; 15.534 ; 15.534 ; 15.534 ;
; Controle[1] ; Saida[1]    ; 15.578 ; 15.578 ; 15.578 ; 15.578 ;
; Controle[1] ; Saida[2]    ; 15.607 ; 15.607 ; 15.607 ; 15.607 ;
; Controle[1] ; Saida[3]    ; 15.594 ; 15.594 ; 15.594 ; 15.594 ;
; Controle[1] ; Saida[4]    ; 15.590 ; 15.590 ; 15.590 ; 15.590 ;
; Controle[1] ; Saida[5]    ; 15.311 ; 15.311 ; 15.311 ; 15.311 ;
; Controle[1] ; Saida[6]    ; 15.339 ; 15.339 ; 15.339 ; 15.339 ;
; Controle[1] ; Saida[7]    ; 13.016 ; 13.016 ; 13.016 ; 13.016 ;
; Controle[1] ; V           ; 11.572 ; 11.364 ; 11.364 ; 11.572 ;
; Controle[1] ; Z           ; 17.849 ; 17.849 ; 17.849 ; 17.849 ;
; Controle[2] ; N           ; 12.555 ; 12.555 ; 12.555 ; 12.555 ;
; Controle[2] ; Saida[0]    ; 14.226 ; 14.226 ; 14.226 ; 14.226 ;
; Controle[2] ; Saida[1]    ; 14.270 ; 14.270 ; 14.270 ; 14.270 ;
; Controle[2] ; Saida[2]    ; 14.299 ; 14.299 ; 14.299 ; 14.299 ;
; Controle[2] ; Saida[3]    ; 14.286 ; 14.286 ; 14.286 ; 14.286 ;
; Controle[2] ; Saida[4]    ; 14.282 ; 14.282 ; 14.282 ; 14.282 ;
; Controle[2] ; Saida[5]    ; 14.003 ; 14.003 ; 14.003 ; 14.003 ;
; Controle[2] ; Saida[6]    ; 14.031 ; 14.031 ; 14.031 ; 14.031 ;
; Controle[2] ; Saida[7]    ; 12.690 ; 12.690 ; 12.690 ; 12.690 ;
; Controle[2] ; V           ; 10.328 ; 11.087 ; 11.087 ; 10.328 ;
; Controle[2] ; Z           ; 16.541 ; 16.541 ; 16.541 ; 16.541 ;
; Controle[3] ; N           ; 11.253 ; 11.253 ; 11.253 ; 11.253 ;
; Controle[3] ; Saida[0]    ; 12.203 ; 12.203 ; 12.203 ; 12.203 ;
; Controle[3] ; Saida[1]    ; 12.247 ; 12.247 ; 12.247 ; 12.247 ;
; Controle[3] ; Saida[2]    ; 12.232 ; 12.232 ; 12.232 ; 12.232 ;
; Controle[3] ; Saida[3]    ; 12.212 ; 12.212 ; 12.212 ; 12.212 ;
; Controle[3] ; Saida[4]    ; 12.251 ; 12.251 ; 12.251 ; 12.251 ;
; Controle[3] ; Saida[5]    ; 11.973 ; 11.973 ; 11.973 ; 11.973 ;
; Controle[3] ; Saida[6]    ; 12.000 ; 12.000 ; 12.000 ; 12.000 ;
; Controle[3] ; Saida[7]    ; 11.388 ; 11.388 ; 11.388 ; 11.388 ;
; Controle[3] ; V           ; 11.124 ; 9.351  ; 9.351  ; 11.124 ;
; Controle[3] ; Z           ; 14.472 ; 14.472 ; 14.472 ; 14.472 ;
; ULAA[0]     ; N           ; 18.148 ; 18.148 ; 18.148 ; 18.148 ;
; ULAA[0]     ; Saida[0]    ; 19.098 ; 19.098 ; 19.098 ; 19.098 ;
; ULAA[0]     ; Saida[1]    ; 19.142 ; 19.142 ; 19.142 ; 19.142 ;
; ULAA[0]     ; Saida[2]    ; 18.203 ; 18.203 ; 18.203 ; 18.203 ;
; ULAA[0]     ; Saida[3]    ; 18.183 ; 18.183 ; 18.183 ; 18.183 ;
; ULAA[0]     ; Saida[4]    ; 19.146 ; 19.146 ; 19.146 ; 19.146 ;
; ULAA[0]     ; Saida[5]    ; 18.868 ; 18.868 ; 18.868 ; 18.868 ;
; ULAA[0]     ; Saida[6]    ; 18.895 ; 18.895 ; 18.895 ; 18.895 ;
; ULAA[0]     ; Saida[7]    ; 18.283 ; 18.283 ; 18.283 ; 18.283 ;
; ULAA[0]     ; V           ; 16.037 ; 16.037 ; 16.037 ; 16.037 ;
; ULAA[0]     ; Z           ; 21.367 ; 21.367 ; 21.367 ; 21.367 ;
; ULAA[1]     ; N           ; 16.015 ; 16.015 ; 16.015 ; 16.015 ;
; ULAA[1]     ; Saida[0]    ; 17.970 ; 17.970 ; 17.970 ; 17.970 ;
; ULAA[1]     ; Saida[1]    ; 18.014 ; 18.014 ; 18.014 ; 18.014 ;
; ULAA[1]     ; Saida[2]    ; 18.043 ; 18.043 ; 18.043 ; 18.043 ;
; ULAA[1]     ; Saida[3]    ; 18.030 ; 18.030 ; 18.030 ; 18.030 ;
; ULAA[1]     ; Saida[4]    ; 18.026 ; 18.026 ; 18.026 ; 18.026 ;
; ULAA[1]     ; Saida[5]    ; 17.747 ; 17.747 ; 17.747 ; 17.747 ;
; ULAA[1]     ; Saida[6]    ; 17.775 ; 17.775 ; 17.775 ; 17.775 ;
; ULAA[1]     ; Saida[7]    ; 16.150 ; 16.150 ; 16.150 ; 16.150 ;
; ULAA[1]     ; V           ; 15.344 ; 15.344 ; 15.344 ; 15.344 ;
; ULAA[1]     ; Z           ; 20.285 ; 20.285 ; 20.285 ; 20.285 ;
; ULAA[2]     ; N           ; 14.890 ; 14.890 ; 14.890 ; 14.890 ;
; ULAA[2]     ; Saida[0]    ; 16.965 ; 16.965 ; 16.965 ; 16.965 ;
; ULAA[2]     ; Saida[1]    ; 17.010 ; 17.010 ; 17.010 ; 17.010 ;
; ULAA[2]     ; Saida[2]    ; 17.048 ; 17.048 ; 17.048 ; 17.048 ;
; ULAA[2]     ; Saida[3]    ; 17.028 ; 17.028 ; 17.028 ; 17.028 ;
; ULAA[2]     ; Saida[4]    ; 17.025 ; 17.025 ; 17.025 ; 17.025 ;
; ULAA[2]     ; Saida[5]    ; 16.742 ; 16.742 ; 16.742 ; 16.742 ;
; ULAA[2]     ; Saida[6]    ; 16.775 ; 16.775 ; 16.775 ; 16.775 ;
; ULAA[2]     ; Saida[7]    ; 15.025 ; 15.025 ; 15.025 ; 15.025 ;
; ULAA[2]     ; V           ; 14.563 ; 14.563 ; 14.563 ; 14.563 ;
; ULAA[2]     ; Z           ; 19.236 ; 19.236 ; 19.236 ; 19.236 ;
; ULAA[3]     ; N           ; 16.119 ; 16.119 ; 16.119 ; 16.119 ;
; ULAA[3]     ; Saida[0]    ; 17.069 ; 17.069 ; 17.069 ; 17.069 ;
; ULAA[3]     ; Saida[1]    ; 17.113 ; 17.113 ; 17.113 ; 17.113 ;
; ULAA[3]     ; Saida[4]    ; 17.117 ; 17.117 ; 17.117 ; 17.117 ;
; ULAA[3]     ; Saida[5]    ; 16.839 ; 16.839 ; 16.839 ; 16.839 ;
; ULAA[3]     ; Saida[6]    ; 16.866 ; 16.866 ; 16.866 ; 16.866 ;
; ULAA[3]     ; Saida[7]    ; 16.254 ; 16.254 ; 16.254 ; 16.254 ;
; ULAA[3]     ; V           ; 14.430 ; 14.467 ; 14.467 ; 14.430 ;
; ULAA[3]     ; Z           ; 19.338 ; 19.338 ; 19.338 ; 19.338 ;
; ULAB[0]     ; N           ; 13.733 ; 13.733 ; 13.733 ; 13.733 ;
; ULAB[0]     ; Saida[0]    ; 15.687 ; 15.687 ; 15.687 ; 15.687 ;
; ULAB[0]     ; Saida[1]    ; 15.731 ; 15.731 ; 15.731 ; 15.731 ;
; ULAB[0]     ; Saida[2]    ; 15.760 ; 15.760 ; 15.760 ; 15.760 ;
; ULAB[0]     ; Saida[3]    ; 15.747 ; 15.747 ; 15.747 ; 15.747 ;
; ULAB[0]     ; Saida[4]    ; 15.743 ; 15.743 ; 15.743 ; 15.743 ;
; ULAB[0]     ; Saida[5]    ; 15.464 ; 15.464 ; 15.464 ; 15.464 ;
; ULAB[0]     ; Saida[6]    ; 15.492 ; 15.492 ; 15.492 ; 15.492 ;
; ULAB[0]     ; Saida[7]    ; 13.868 ; 13.868 ; 13.868 ; 13.868 ;
; ULAB[0]     ; V           ; 12.967 ; 12.967 ; 12.967 ; 12.967 ;
; ULAB[0]     ; Z           ; 18.002 ; 18.002 ; 18.002 ; 18.002 ;
; ULAB[1]     ; N           ; 12.080 ; 12.080 ; 12.080 ; 12.080 ;
; ULAB[1]     ; Saida[0]    ; 14.210 ; 14.210 ; 14.210 ; 14.210 ;
; ULAB[1]     ; Saida[1]    ; 14.254 ; 14.254 ; 14.254 ; 14.254 ;
; ULAB[1]     ; Saida[2]    ; 14.283 ; 14.283 ; 14.283 ; 14.283 ;
; ULAB[1]     ; Saida[3]    ; 14.270 ; 14.270 ; 14.270 ; 14.270 ;
; ULAB[1]     ; Saida[4]    ; 14.266 ; 14.266 ; 14.266 ; 14.266 ;
; ULAB[1]     ; Saida[5]    ; 13.987 ; 13.987 ; 13.987 ; 13.987 ;
; ULAB[1]     ; Saida[6]    ; 14.015 ; 14.015 ; 14.015 ; 14.015 ;
; ULAB[1]     ; Saida[7]    ; 12.215 ; 12.215 ; 12.215 ; 12.215 ;
; ULAB[1]     ; V           ; 11.351 ; 11.351 ; 11.351 ; 11.351 ;
; ULAB[1]     ; Z           ; 16.525 ; 16.525 ; 16.525 ; 16.525 ;
; ULAB[2]     ; N           ; 13.960 ; 13.960 ; 13.960 ; 13.960 ;
; ULAB[2]     ; Saida[0]    ; 14.910 ; 14.910 ; 14.910 ; 14.910 ;
; ULAB[2]     ; Saida[1]    ; 14.954 ; 14.954 ; 14.954 ; 14.954 ;
; ULAB[2]     ; Saida[2]    ; 14.015 ; 14.015 ; 14.015 ; 14.015 ;
; ULAB[2]     ; Saida[3]    ; 13.995 ; 13.995 ; 13.995 ; 13.995 ;
; ULAB[2]     ; Saida[4]    ; 14.958 ; 14.958 ; 14.958 ; 14.958 ;
; ULAB[2]     ; Saida[5]    ; 14.680 ; 14.680 ; 14.680 ; 14.680 ;
; ULAB[2]     ; Saida[6]    ; 14.707 ; 14.707 ; 14.707 ; 14.707 ;
; ULAB[2]     ; Saida[7]    ; 14.095 ; 14.095 ; 14.095 ; 14.095 ;
; ULAB[2]     ; V           ; 10.622 ; 10.787 ; 10.787 ; 10.622 ;
; ULAB[2]     ; Z           ; 17.179 ; 17.179 ; 17.179 ; 17.179 ;
; ULAB[3]     ; N           ; 12.630 ; 12.630 ; 12.630 ; 12.630 ;
; ULAB[3]     ; Saida[0]    ; 13.580 ; 13.580 ; 13.580 ; 13.580 ;
; ULAB[3]     ; Saida[1]    ; 13.624 ; 13.624 ; 13.624 ; 13.624 ;
; ULAB[3]     ; Saida[4]    ; 13.628 ; 13.628 ; 13.628 ; 13.628 ;
; ULAB[3]     ; Saida[5]    ; 13.350 ; 13.350 ; 13.350 ; 13.350 ;
; ULAB[3]     ; Saida[6]    ; 13.377 ; 13.377 ; 13.377 ; 13.377 ;
; ULAB[3]     ; Saida[7]    ; 12.765 ; 12.765 ; 12.765 ; 12.765 ;
; ULAB[3]     ; V           ; 11.310 ; 11.310 ; 11.310 ; 11.310 ;
; ULAB[3]     ; Z           ; 15.849 ; 15.849 ; 15.849 ; 15.849 ;
+-------------+-------------+--------+--------+--------+--------+


+-----------------------------------------------------------+
; Minimum Progagation Delay                                 ;
+-------------+-------------+-------+-------+-------+-------+
; Input Port  ; Output Port ; RR    ; RF    ; FR    ; FF    ;
+-------------+-------------+-------+-------+-------+-------+
; Controle[0] ; N           ; 5.647 ; 5.647 ; 5.647 ; 5.647 ;
; Controle[0] ; Saida[0]    ; 5.587 ; 5.587 ; 5.587 ; 5.587 ;
; Controle[0] ; Saida[1]    ; 5.612 ; 5.612 ; 5.612 ; 5.612 ;
; Controle[0] ; Saida[2]    ; 5.638 ; 5.638 ; 5.638 ; 5.638 ;
; Controle[0] ; Saida[3]    ; 5.624 ; 5.624 ; 5.624 ; 5.624 ;
; Controle[0] ; Saida[4]    ; 5.609 ; 5.609 ; 5.609 ; 5.609 ;
; Controle[0] ; Saida[5]    ; 5.476 ; 5.476 ; 5.476 ; 5.476 ;
; Controle[0] ; Saida[6]    ; 5.505 ; 5.505 ; 5.505 ; 5.505 ;
; Controle[0] ; Saida[7]    ; 5.654 ; 5.654 ; 5.654 ; 5.654 ;
; Controle[0] ; V           ; 5.332 ; 5.332 ; 5.332 ; 5.332 ;
; Controle[0] ; Z           ; 6.642 ; 6.642 ; 6.642 ; 6.642 ;
; Controle[1] ; N           ; 5.336 ; 5.336 ; 5.336 ; 5.336 ;
; Controle[1] ; Saida[0]    ; 5.535 ; 5.535 ; 5.535 ; 5.535 ;
; Controle[1] ; Saida[1]    ; 5.560 ; 5.560 ; 5.560 ; 5.560 ;
; Controle[1] ; Saida[2]    ; 5.586 ; 5.586 ; 5.586 ; 5.586 ;
; Controle[1] ; Saida[3]    ; 5.572 ; 5.572 ; 5.572 ; 5.572 ;
; Controle[1] ; Saida[4]    ; 5.557 ; 5.557 ; 5.557 ; 5.557 ;
; Controle[1] ; Saida[5]    ; 5.424 ; 5.424 ; 5.424 ; 5.424 ;
; Controle[1] ; Saida[6]    ; 5.453 ; 5.453 ; 5.453 ; 5.453 ;
; Controle[1] ; Saida[7]    ; 5.343 ; 5.343 ; 5.343 ; 5.343 ;
; Controle[1] ; V           ; 5.293 ; 5.293 ; 5.293 ; 5.293 ;
; Controle[1] ; Z           ; 6.590 ; 6.590 ; 6.590 ; 6.590 ;
; Controle[2] ; N           ; 5.192 ; 5.192 ; 5.192 ; 5.192 ;
; Controle[2] ; Saida[0]    ; 5.188 ; 5.341 ; 5.341 ; 5.188 ;
; Controle[2] ; Saida[1]    ; 5.213 ; 5.366 ; 5.366 ; 5.213 ;
; Controle[2] ; Saida[2]    ; 5.239 ; 5.392 ; 5.392 ; 5.239 ;
; Controle[2] ; Saida[3]    ; 5.225 ; 5.225 ; 5.225 ; 5.225 ;
; Controle[2] ; Saida[4]    ; 5.363 ; 5.210 ; 5.210 ; 5.363 ;
; Controle[2] ; Saida[5]    ; 5.077 ; 5.077 ; 5.077 ; 5.077 ;
; Controle[2] ; Saida[6]    ; 5.106 ; 5.106 ; 5.106 ; 5.106 ;
; Controle[2] ; Saida[7]    ; 5.199 ; 5.199 ; 5.199 ; 5.199 ;
; Controle[2] ; V           ; 5.308 ; 5.547 ; 5.547 ; 5.308 ;
; Controle[2] ; Z           ; 6.396 ; 6.243 ; 6.243 ; 6.396 ;
; Controle[3] ; N           ; 5.230 ; 5.230 ; 5.230 ; 5.230 ;
; Controle[3] ; Saida[0]    ; 5.507 ; 5.091 ; 5.091 ; 5.507 ;
; Controle[3] ; Saida[1]    ; 5.533 ; 5.116 ; 5.116 ; 5.533 ;
; Controle[3] ; Saida[2]    ; 5.563 ; 5.142 ; 5.142 ; 5.563 ;
; Controle[3] ; Saida[3]    ; 5.128 ; 5.128 ; 5.128 ; 5.128 ;
; Controle[3] ; Saida[4]    ; 5.113 ; 5.563 ; 5.563 ; 5.113 ;
; Controle[3] ; Saida[5]    ; 4.980 ; 4.980 ; 4.980 ; 4.980 ;
; Controle[3] ; Saida[6]    ; 5.009 ; 5.009 ; 5.009 ; 5.009 ;
; Controle[3] ; Saida[7]    ; 5.237 ; 5.237 ; 5.237 ; 5.237 ;
; Controle[3] ; V           ; 5.672 ; 4.904 ; 4.904 ; 5.672 ;
; Controle[3] ; Z           ; 6.146 ; 6.571 ; 6.571 ; 6.146 ;
; ULAA[0]     ; N           ; 7.586 ; 7.586 ; 7.586 ; 7.586 ;
; ULAA[0]     ; Saida[0]    ; 7.237 ; 7.237 ; 7.237 ; 7.237 ;
; ULAA[0]     ; Saida[1]    ; 7.262 ; 7.262 ; 7.262 ; 7.262 ;
; ULAA[0]     ; Saida[2]    ; 7.288 ; 7.288 ; 7.288 ; 7.288 ;
; ULAA[0]     ; Saida[3]    ; 7.274 ; 7.274 ; 7.274 ; 7.274 ;
; ULAA[0]     ; Saida[4]    ; 7.259 ; 7.259 ; 7.259 ; 7.259 ;
; ULAA[0]     ; Saida[5]    ; 7.126 ; 7.126 ; 7.126 ; 7.126 ;
; ULAA[0]     ; Saida[6]    ; 7.155 ; 7.155 ; 7.155 ; 7.155 ;
; ULAA[0]     ; Saida[7]    ; 7.593 ; 7.593 ; 7.593 ; 7.593 ;
; ULAA[0]     ; V           ; 7.671 ; 7.671 ; 7.671 ; 7.671 ;
; ULAA[0]     ; Z           ; 8.292 ; 8.292 ; 8.292 ; 8.292 ;
; ULAA[1]     ; N           ; 7.370 ; 7.370 ; 7.370 ; 7.370 ;
; ULAA[1]     ; Saida[0]    ; 7.250 ; 7.250 ; 7.250 ; 7.250 ;
; ULAA[1]     ; Saida[1]    ; 7.276 ; 7.276 ; 7.276 ; 7.276 ;
; ULAA[1]     ; Saida[2]    ; 7.306 ; 7.306 ; 7.306 ; 7.306 ;
; ULAA[1]     ; Saida[3]    ; 7.290 ; 7.290 ; 7.290 ; 7.290 ;
; ULAA[1]     ; Saida[4]    ; 7.306 ; 7.306 ; 7.306 ; 7.306 ;
; ULAA[1]     ; Saida[5]    ; 7.145 ; 7.145 ; 7.145 ; 7.145 ;
; ULAA[1]     ; Saida[6]    ; 7.173 ; 7.173 ; 7.173 ; 7.173 ;
; ULAA[1]     ; Saida[7]    ; 7.377 ; 7.377 ; 7.377 ; 7.377 ;
; ULAA[1]     ; V           ; 7.300 ; 7.300 ; 7.300 ; 7.300 ;
; ULAA[1]     ; Z           ; 8.314 ; 8.314 ; 8.314 ; 8.314 ;
; ULAA[2]     ; N           ; 7.254 ; 7.254 ; 7.254 ; 7.254 ;
; ULAA[2]     ; Saida[0]    ; 7.146 ; 7.146 ; 7.146 ; 7.146 ;
; ULAA[2]     ; Saida[1]    ; 7.173 ; 7.173 ; 7.173 ; 7.173 ;
; ULAA[2]     ; Saida[2]    ; 7.203 ; 7.203 ; 7.203 ; 7.203 ;
; ULAA[2]     ; Saida[3]    ; 7.187 ; 7.187 ; 7.187 ; 7.187 ;
; ULAA[2]     ; Saida[4]    ; 7.179 ; 7.179 ; 7.179 ; 7.179 ;
; ULAA[2]     ; Saida[5]    ; 7.044 ; 7.044 ; 7.044 ; 7.044 ;
; ULAA[2]     ; Saida[6]    ; 7.070 ; 7.070 ; 7.070 ; 7.070 ;
; ULAA[2]     ; Saida[7]    ; 7.261 ; 7.261 ; 7.261 ; 7.261 ;
; ULAA[2]     ; V           ; 7.155 ; 7.155 ; 7.155 ; 7.155 ;
; ULAA[2]     ; Z           ; 8.212 ; 8.212 ; 8.212 ; 8.212 ;
; ULAA[3]     ; N           ; 7.297 ; 7.297 ; 7.297 ; 7.297 ;
; ULAA[3]     ; Saida[0]    ; 7.626 ; 7.626 ; 7.626 ; 7.626 ;
; ULAA[3]     ; Saida[1]    ; 7.651 ; 7.651 ; 7.651 ; 7.651 ;
; ULAA[3]     ; Saida[4]    ; 7.652 ; 7.652 ; 7.652 ; 7.652 ;
; ULAA[3]     ; Saida[5]    ; 7.512 ; 7.512 ; 7.512 ; 7.512 ;
; ULAA[3]     ; Saida[6]    ; 7.540 ; 7.540 ; 7.540 ; 7.540 ;
; ULAA[3]     ; Saida[7]    ; 7.304 ; 7.304 ; 7.304 ; 7.304 ;
; ULAA[3]     ; V           ; 6.983 ; 6.983 ; 6.983 ; 6.983 ;
; ULAA[3]     ; Z           ; 8.685 ; 8.685 ; 8.685 ; 8.685 ;
; ULAB[0]     ; N           ; 5.880 ; 5.880 ; 5.880 ; 5.880 ;
; ULAB[0]     ; Saida[0]    ; 5.671 ; 5.671 ; 5.671 ; 5.671 ;
; ULAB[0]     ; Saida[1]    ; 5.696 ; 5.696 ; 5.696 ; 5.696 ;
; ULAB[0]     ; Saida[2]    ; 5.722 ; 5.722 ; 5.722 ; 5.722 ;
; ULAB[0]     ; Saida[3]    ; 5.708 ; 5.708 ; 5.708 ; 5.708 ;
; ULAB[0]     ; Saida[4]    ; 5.693 ; 5.693 ; 5.693 ; 5.693 ;
; ULAB[0]     ; Saida[5]    ; 5.560 ; 5.560 ; 5.560 ; 5.560 ;
; ULAB[0]     ; Saida[6]    ; 5.589 ; 5.589 ; 5.589 ; 5.589 ;
; ULAB[0]     ; Saida[7]    ; 5.887 ; 5.887 ; 5.887 ; 5.887 ;
; ULAB[0]     ; V           ; 5.892 ; 6.031 ; 6.031 ; 5.892 ;
; ULAB[0]     ; Z           ; 6.726 ; 6.726 ; 6.726 ; 6.726 ;
; ULAB[1]     ; N           ; 4.933 ; 4.933 ; 4.933 ; 4.933 ;
; ULAB[1]     ; Saida[0]    ; 4.536 ; 4.536 ; 4.536 ; 4.536 ;
; ULAB[1]     ; Saida[1]    ; 4.562 ; 4.562 ; 4.562 ; 4.562 ;
; ULAB[1]     ; Saida[2]    ; 4.592 ; 4.877 ; 4.877 ; 4.592 ;
; ULAB[1]     ; Saida[3]    ; 4.576 ; 4.576 ; 4.576 ; 4.576 ;
; ULAB[1]     ; Saida[4]    ; 4.877 ; 4.592 ; 4.592 ; 4.877 ;
; ULAB[1]     ; Saida[5]    ; 4.431 ; 4.431 ; 4.431 ; 4.431 ;
; ULAB[1]     ; Saida[6]    ; 4.459 ; 4.459 ; 4.459 ; 4.459 ;
; ULAB[1]     ; Saida[7]    ; 4.940 ; 4.940 ; 4.940 ; 4.940 ;
; ULAB[1]     ; V           ; 4.903 ; 4.946 ; 4.946 ; 4.903 ;
; ULAB[1]     ; Z           ; 5.600 ; 5.885 ; 5.885 ; 5.600 ;
; ULAB[2]     ; N           ; 4.757 ; 4.757 ; 4.757 ; 4.757 ;
; ULAB[2]     ; Saida[0]    ; 4.454 ; 4.454 ; 4.454 ; 4.454 ;
; ULAB[2]     ; Saida[1]    ; 4.481 ; 4.481 ; 4.481 ; 4.481 ;
; ULAB[2]     ; Saida[2]    ; 4.677 ; 4.511 ; 4.511 ; 4.677 ;
; ULAB[2]     ; Saida[3]    ; 4.495 ; 4.495 ; 4.495 ; 4.495 ;
; ULAB[2]     ; Saida[4]    ; 4.487 ; 4.487 ; 4.487 ; 4.487 ;
; ULAB[2]     ; Saida[5]    ; 4.352 ; 4.352 ; 4.352 ; 4.352 ;
; ULAB[2]     ; Saida[6]    ; 4.378 ; 4.378 ; 4.378 ; 4.378 ;
; ULAB[2]     ; Saida[7]    ; 4.764 ; 4.764 ; 4.764 ; 4.764 ;
; ULAB[2]     ; V           ; 4.780 ; 4.780 ; 4.780 ; 4.780 ;
; ULAB[2]     ; Z           ; 5.520 ; 5.686 ; 5.686 ; 5.520 ;
; ULAB[3]     ; N           ; 5.063 ; 4.145 ; 4.145 ; 5.063 ;
; ULAB[3]     ; Saida[0]    ; 4.474 ; 5.392 ; 5.392 ; 4.474 ;
; ULAB[3]     ; Saida[1]    ; 4.499 ; 4.499 ; 4.499 ; 4.499 ;
; ULAB[3]     ; Saida[4]    ; 4.500 ; 4.500 ; 4.500 ; 4.500 ;
; ULAB[3]     ; Saida[5]    ; 4.360 ; 4.360 ; 4.360 ; 4.360 ;
; ULAB[3]     ; Saida[6]    ; 4.388 ; 4.388 ; 4.388 ; 4.388 ;
; ULAB[3]     ; Saida[7]    ; 4.152 ; 5.070 ; 5.070 ; 4.152 ;
; ULAB[3]     ; V           ; 4.608 ; 4.608 ; 4.608 ; 4.608 ;
; ULAB[3]     ; Z           ; 5.533 ; 6.451 ; 6.451 ; 5.533 ;
+-------------+-------------+-------+-------+-------+-------+


-------------------
; Clock Transfers ;
-------------------
Nothing to report.


---------------
; Report TCCS ;
---------------
No dedicated SERDES Transmitter circuitry present in device or used in design


---------------
; Report RSKM ;
---------------
No dedicated SERDES Receiver circuitry present in device or used in design


+------------------------------------------------+
; Unconstrained Paths                            ;
+---------------------------------+-------+------+
; Property                        ; Setup ; Hold ;
+---------------------------------+-------+------+
; Illegal Clocks                  ; 0     ; 0    ;
; Unconstrained Clocks            ; 0     ; 0    ;
; Unconstrained Input Ports       ; 12    ; 12   ;
; Unconstrained Input Port Paths  ; 128   ; 128  ;
; Unconstrained Output Ports      ; 11    ; 11   ;
; Unconstrained Output Port Paths ; 128   ; 128  ;
+---------------------------------+-------+------+


+------------------------------------+
; TimeQuest Timing Analyzer Messages ;
+------------------------------------+
Info: *******************************************************************
Info: Running Quartus II 64-Bit TimeQuest Timing Analyzer
    Info: Version 13.0.1 Build 232 06/12/2013 Service Pack 1 SJ Web Edition
    Info: Processing started: Thu Mar 30 15:33:24 2023
Info: Command: quartus_sta ULA -c ULA
Info: qsta_default_script.tcl version: #1
Warning (20028): Parallel compilation is not licensed and has been disabled
Info (21077): Low junction temperature is 0 degrees C
Info (21077): High junction temperature is 85 degrees C
Critical Warning (332012): Synopsys Design Constraints File file not found: 'ULA.sdc'. A Synopsys Design Constraints File is required by the TimeQuest Timing Analyzer to get proper timing constraints. Without it, the Compiler will not properly optimize the design.
Info (332142): No user constrained base clocks found in the design. Calling "derive_clocks -period 1.0"
Info (332096): The command derive_clocks did not find any clocks to derive.  No clocks were created or changed.
Warning (332068): No clocks defined in design.
Info: Found TIMEQUEST_REPORT_SCRIPT_INCLUDE_DEFAULT_ANALYSIS = ON
Info (332159): No clocks to report
Info: Analyzing Slow Model
Info (332140): No fmax paths to report
Info (332140): No Setup paths to report
Info (332140): No Hold paths to report
Info (332140): No Recovery paths to report
Info (332140): No Removal paths to report
Info (332140): No Minimum Pulse Width paths to report
Info (332001): The selected device family is not supported by the report_metastability command.
Info: Analyzing Fast Model
Info (332142): No user constrained base clocks found in the design. Calling "derive_clocks -period 1.0"
Info (332096): The command derive_clocks did not find any clocks to derive.  No clocks were created or changed.
Warning (332068): No clocks defined in design.
Info (332140): No Setup paths to report
Info (332140): No Hold paths to report
Info (332140): No Recovery paths to report
Info (332140): No Removal paths to report
Info (332140): No Minimum Pulse Width paths to report
Info (332001): The selected device family is not supported by the report_metastability command.
Info (332102): Design is not fully constrained for setup requirements
Info (332102): Design is not fully constrained for hold requirements
Info: Quartus II 64-Bit TimeQuest Timing Analyzer was successful. 0 errors, 4 warnings
    Info: Peak virtual memory: 4541 megabytes
    Info: Processing ended: Thu Mar 30 15:33:25 2023
    Info: Elapsed time: 00:00:01
    Info: Total CPU time (on all processors): 00:00:01


